#
# A fatal error has been detected by the Java Runtime Environment:
#
#  SIGSEGV (0xb) at pc=0x0000000106dd8ed4, pid=89583, tid=5891
#
# JRE version: OpenJDK Runtime Environment Temurin-11.0.16+8 (11.0.16+8) (build 11.0.16+8)
# Java VM: OpenJDK 64-Bit Server VM Temurin-11.0.16+8 (11.0.16+8, mixed mode, tiered, compressed oops, g1 gc, bsd-amd64)
# Problematic frame:
# V  [libjvm.dylib+0x1cfed4]  AccessInternal::PostRuntimeDispatch<G1BarrierSet::AccessBarrier<1097844ull, G1BarrierSet>, (AccessInternal::BarrierType)2, 1097844ull>::oop_access_barrier(void*)+0x4
#
# No core dump will be written. Core dumps have been disabled. To enable core dumping, try "ulimit -c unlimited" before starting Java again
#
# If you would like to submit a bug report, please visit:
#   https://github.com/adoptium/adoptium-support/issues
#

---------------  S U M M A R Y ------------

Command Line: -Dfile.encoding=UTF-8 org.apache.camel.spring.boot.CamelSpringBootApplicationController$1

Host: MacBookPro16,1 x86_64 2600 MHz, 12 cores, 16G, Darwin 22.1.0
Time: Fri Jan  6 12:00:12 2023 GMT elapsed time: 0.197174 seconds (0d 0h 0m 0s)

---------------  T H R E A D  ---------------

Current thread (0x00007fb7cb812800):  JavaThread "main" [_thread_in_vm, id=5891, stack(0x00007000005ef000,0x00007000006ef000)]

Stack: [0x00007000005ef000,0x00007000006ef000],  sp=0x00007000006eedf0,  free space=1023k
Native frames: (J=compiled Java code, A=aot compiled Java code, j=interpreted, Vv=VM code, C=native code)
V  [libjvm.dylib+0x1cfed4]  AccessInternal::PostRuntimeDispatch<G1BarrierSet::AccessBarrier<1097844ull, G1BarrierSet>, (AccessInternal::BarrierType)2, 1097844ull>::oop_access_barrier(void*)+0x4
V  [libjvm.dylib+0x40565e]  jni_GetStringUTFChars+0xe1
C  [libjli.dylib+0x714e]  PostJVMInit+0xad
C  [libjli.dylib+0x4ab8]  JavaMain+0xa4b
C  [libjli.dylib+0x6df6]  ThreadJavaMain+0x9
C  [libsystem_pthread.dylib+0x6259]  _pthread_start+0x7d
C  [libsystem_pthread.dylib+0x1c7b]  thread_start+0xf


siginfo: si_signo: 11 (SIGSEGV), si_code: 1 (SEGV_MAPERR), si_addr: 0x0000000000000000

Register to memory mapping:

RAX=0x0 is NULL
RBX=0x0 is NULL
RCX=0x0000000107595f18: jni_NativeInterface+0 in /Users/massimo.sposato/Library/Java/JavaVirtualMachines/temurin-11.0.16/Contents/Home/lib/server/libjvm.dylib at 0x0000000106c09000
RDX=0x0 is NULL
RSP=0x00007000006eedf0 is pointing into the stack for thread: 0x00007fb7cb812800
RBP=0x00007000006eedf0 is pointing into the stack for thread: 0x00007fb7cb812800
RSI=0x0 is NULL
RDI=0x0 is NULL
R8 =0x000000011f1b72ab points into unknown readable memory: 20 20 20 20 20
R9 =0x0 is NULL
R10=0x00000001075f3a90: _ZN19TemplateInterpreter13_active_tableE+0x4800 in /Users/massimo.sposato/Library/Java/JavaVirtualMachines/temurin-11.0.16/Contents/Home/lib/server/libjvm.dylib at 0x0000000106c09000
R11=0x000000012a144f00 is pointing into metadata
R12=0x00007fb7cb812b48 points into unknown readable memory: 0x0000000107595f18 | 18 5f 59 07 01 00 00 00
R13=0x0 is NULL
R14=0x00007fb7cb812800 is a thread
R15=0x0 is NULL


Registers:
RAX=0x0000000000000000, RBX=0x0000000000000000, RCX=0x0000000107595f18, RDX=0x0000000000000000
RSP=0x00007000006eedf0, RBP=0x00007000006eedf0, RSI=0x0000000000000000, RDI=0x0000000000000000
R8 =0x000000011f1b72ab, R9 =0x0000000000000000, R10=0x00000001075f3a90, R11=0x000000012a144f00
R12=0x00007fb7cb812b48, R13=0x0000000000000000, R14=0x00007fb7cb812800, R15=0x0000000000000000
RIP=0x0000000106dd8ed4, EFLAGS=0x0000000000010246, ERR=0x0000000000000004
  TRAPNO=0x000000000000000e

Top of Stack: (sp=0x00007000006eedf0)
0x00007000006eedf0:   00007000006eee80 000000010700e65e
0x00007000006eee00:   00007000006eee20 0000000106ddc3dc
0x00007000006eee10:   000060000000000c 0000000000000000
0x00007000006eee20:   605bf95e1ea500cc 00007fb7cb812800
0x00007000006eee30:   0000000000000000 0000000106ddc3dc
0x00007000006eee40:   605bf95e1ea500cc 00007fb7cb812800
0x00007000006eee50:   00007000006eee80 00007fb7cb812b48
0x00007000006eee60:   00007fb7cc304bf0 0000000000000000
0x00007000006eee70:   0000000000000000 00007fb7cc304bf8
0x00007000006eee80:   00007000006eef10 0000000105e4e14e
0x00007000006eee90:   00006000033a40e8 00006000019a83c0
0x00007000006eeea0:   00007000006eeed0 0000000106ffc03f
0x00007000006eeeb0:   605bf95e1ea500cc 00007fb7cb812800
0x00007000006eeec0:   00007000006eeee0 0000000106ddc3dc
0x00007000006eeed0:   00006000033a40e8 00006000019a83c0
0x00007000006eeee0:   00007000006eef10 605bf95e1ea500cc
0x00007000006eeef0:   00007fb7cb812b48 00007fb7cc304bf0
0x00007000006eef00:   00007fb7cc304c08 00007fb7cc304bf8
0x00007000006eef10:   00007000006eefa0 0000000105e4bab8
0x00007000006eef20:   0000000000000000 0005f19728e2f660
0x00007000006eef30:   0000000400010002 00006000019ac000
0x00007000006eef40:   0000000000000000 0000000000000000
0x00007000006eef50:   00006000002a0058 0000000000000001
0x00007000006eef60:   0000600002fa0050 00007fb7cb812b48
0x00007000006eef70:   0000000107595f10 00007000006ef000
0x00007000006eef80:   0000000000000000 0000000000000000
0x00007000006eef90:   0000000000000000 0000000000000000
0x00007000006eefa0:   00007000006eefb0 0000000105e4ddf6
0x00007000006eefb0:   00007000006eefd0 00007ff81261b259
0x00007000006eefc0:   0000000000000000 0000000000000000
0x00007000006eefd0:   00007000006eeff0 00007ff812616c7b
0x00007000006eefe0:   0000000000000000 0000000000000000 

Instructions: (pc=0x0000000106dd8ed4)
0x0000000106dd8dd4:   18 48 8b 03 48 89 df ff 50 28 84 c0 74 14 48 83
0x0000000106dd8de4:   c3 28 48 89 df eb 4a 45 31 f6 4c 89 f0 5b 41 5e
0x0000000106dd8df4:   5d c3 48 8d 05 d3 e3 80 00 48 8b 18 48 85 db 74
0x0000000106dd8e04:   25 48 89 df e8 f3 21 43 00 48 8d 3d 14 fd 80 00
0x0000000106dd8e14:   48 83 c7 68 4c 89 f6 e8 20 fd 4a 00 48 89 df e8
0x0000000106dd8e24:   72 22 43 00 eb c4 48 8d 3d f7 fc 80 00 48 83 c7
0x0000000106dd8e34:   68 4c 89 f6 e8 03 fd 4a 00 eb af 90 55 48 89 e5
0x0000000106dd8e44:   53 50 48 89 fb 48 8d 05 f0 cf 7f 00 80 38 00 74
0x0000000106dd8e54:   07 e8 1a 00 00 00 eb 05 e8 1b 83 0a 00 48 89 05
0x0000000106dd8e64:   f8 9b 7b 00 48 89 df 48 83 c4 08 5b 5d ff e0 90
0x0000000106dd8e74:   48 8d 05 75 62 7f 00 48 8b 00 8b 40 10 ff c8 83
0x0000000106dd8e84:   f8 04 73 0e 48 98 48 8d 0d ef b6 77 00 48 8b 04
0x0000000106dd8e94:   c1 c3 55 48 89 e5 48 8d 35 63 fc 62 00 48 8d 0d
0x0000000106dd8ea4:   87 fc 62 00 bf 00 00 00 e0 ba e8 00 00 00 31 c0
0x0000000106dd8eb4:   e8 38 6e 0a 00 e8 24 99 45 00 31 c0 5d c3 90 90
0x0000000106dd8ec4:   55 48 89 e5 48 8b 07 5d c3 90 90 90 55 48 89 e5
0x0000000106dd8ed4:   48 8b 07 5d c3 90 90 90 55 48 89 e5 48 8b 07 5d
0x0000000106dd8ee4:   c3 90 90 90 55 48 89 e5 48 8b 37 48 85 f6 74 10
0x0000000106dd8ef4:   48 8d 05 f5 61 7f 00 48 8b 38 5d e9 da 9e 4e 00
0x0000000106dd8f04:   31 c0 5d c3 55 48 89 e5 41 56 53 49 89 f6 48 89
0x0000000106dd8f14:   fb 48 8d 05 24 cf 7f 00 80 38 00 74 07 e8 1a 00
0x0000000106dd8f24:   00 00 eb 05 e8 47 b6 ff ff 48 89 05 2c ca 7b 00
0x0000000106dd8f34:   48 89 df 4c 89 f6 5b 41 5e 5d ff e0 48 8d 05 a9
0x0000000106dd8f44:   61 7f 00 48 8b 00 8b 40 10 ff c8 83 f8 04 73 0e
0x0000000106dd8f54:   48 98 48 8d 0d 63 b6 77 00 48 8b 04 c1 c3 55 48
0x0000000106dd8f64:   89 e5 48 8d 35 97 fb 62 00 48 8d 0d bb fb 62 00
0x0000000106dd8f74:   bf 00 00 00 e0 ba e8 00 00 00 31 c0 e8 6c 6d 0a
0x0000000106dd8f84:   00 e8 58 98 45 00 31 c0 5d c3 90 90 55 48 89 e5
0x0000000106dd8f94:   8b 04 37 48 85 c0 74 12 48 8d 15 5d 94 7d 00 8a
0x0000000106dd8fa4:   4a 08 48 d3 e0 48 03 02 eb 02 31 c0 5d c3 90 90
0x0000000106dd8fb4:   55 48 89 e5 8b 04 37 48 85 c0 74 12 48 8d 15 39
0x0000000106dd8fc4:   94 7d 00 8a 4a 08 48 d3 e0 48 03 02 eb 02 31 c0 


Stack slot to memory mapping:
stack at sp + 0 slots: 0x00007000006eee80 is pointing into the stack for thread: 0x00007fb7cb812800
stack at sp + 1 slots: 0x000000010700e65e: jni_GetStringUTFChars+0xe1 in /Users/massimo.sposato/Library/Java/JavaVirtualMachines/temurin-11.0.16/Contents/Home/lib/server/libjvm.dylib at 0x0000000106c09000
stack at sp + 2 slots: 0x00007000006eee20 is pointing into the stack for thread: 0x00007fb7cb812800
stack at sp + 3 slots: 0x0000000106ddc3dc: _ZN20ThreadInVMfromNativeD1Ev+0x20 in /Users/massimo.sposato/Library/Java/JavaVirtualMachines/temurin-11.0.16/Contents/Home/lib/server/libjvm.dylib at 0x0000000106c09000
stack at sp + 4 slots: 0x000060000000000c points into unknown readable memory: 00 00 00 00
stack at sp + 5 slots: 0x0 is NULL
stack at sp + 6 slots: 0x605bf95e1ea500cc is an unknown value
stack at sp + 7 slots: 0x00007fb7cb812800 is a thread


---------------  P R O C E S S  ---------------

Threads class SMR info:
_java_thread_list=0x0000600000ca2a80, length=9, elements={
0x00007fb7cb812800, 0x00007fb7cd0a5800, 0x00007fb7cb00e000, 0x00007fb7cc83e800,
0x00007fb7ca84c800, 0x00007fb7ca852800, 0x00007fb7ca853800, 0x00007fb7ca854800,
0x00007fb7cb051800
}

Java Threads: ( => current thread )
=>0x00007fb7cb812800 JavaThread "main" [_thread_in_vm, id=5891, stack(0x00007000005ef000,0x00007000006ef000)]
  0x00007fb7cd0a5800 JavaThread "Reference Handler" daemon [_thread_blocked, id=17155, stack(0x0000700000d04000,0x0000700000e04000)]
  0x00007fb7cb00e000 JavaThread "Finalizer" daemon [_thread_blocked, id=21251, stack(0x0000700000e07000,0x0000700000f07000)]
  0x00007fb7cc83e800 JavaThread "Signal Dispatcher" daemon [_thread_blocked, id=21763, stack(0x0000700001010000,0x0000700001110000)]
  0x00007fb7ca84c800 JavaThread "Service Thread" daemon [_thread_blocked, id=22019, stack(0x0000700001113000,0x0000700001213000)]
  0x00007fb7ca852800 JavaThread "C2 CompilerThread0" daemon [_thread_blocked, id=22531, stack(0x0000700001216000,0x0000700001316000)]
  0x00007fb7ca853800 JavaThread "C1 CompilerThread0" daemon [_thread_blocked, id=31235, stack(0x0000700001319000,0x0000700001419000)]
  0x00007fb7ca854800 JavaThread "Sweeper thread" daemon [_thread_blocked, id=22787, stack(0x000070000141c000,0x000070000151c000)]
  0x00007fb7cb051800 JavaThread "Common-Cleaner" daemon [_thread_blocked, id=24067, stack(0x0000700001622000,0x0000700001722000)]

Other Threads:
  0x00007fb7ca84b800 VMThread "VM Thread" [stack: 0x0000700000c01000,0x0000700000d01000] [id=16643]
  0x00007fb7cb04e000 WatcherThread [stack: 0x000070000151f000,0x000070000161f000] [id=23299]
  0x00007fb7ca810000 GCTaskThread "GC Thread#0" [stack: 0x00007000006f2000,0x00007000007f2000] [id=12035]
  0x00007fb7ca84a800 ConcurrentGCThread "G1 Main Marker" [stack: 0x00007000007f5000,0x00007000008f5000] [id=15619]
  0x00007fb7cd013800 ConcurrentGCThread "G1 Conc#0" [stack: 0x00007000008f8000,0x00007000009f8000] [id=15107]
  0x00007fb7cd094800 ConcurrentGCThread "G1 Refine#0" [stack: 0x00007000009fb000,0x0000700000afb000] [id=13315]
  0x00007fb7cc80a800 ConcurrentGCThread "G1 Young RemSet Sampling" [stack: 0x0000700000afe000,0x0000700000bfe000] [id=13571]

Threads with active compile tasks:

VM state:not at safepoint (normal execution)

VM Mutex/Monitor currently owned by a thread: None

Heap address: 0x0000000700000000, size: 4096 MB, Compressed Oops mode: Zero based, Oop shift amount: 3
Narrow klass base: 0x0000000800000000, Narrow klass shift: 0
Compressed class space size: 1073741824 Address: 0x0000000800000000

Heap:
 garbage-first heap   total 262144K, used 5120K [0x0000000700000000, 0x0000000800000000)
  region size 1024K, 6 young (6144K), 0 survivors (0K)
 Metaspace       used 4906K, capacity 4972K, committed 5120K, reserved 1056768K
  class space    used 419K, capacity 464K, committed 512K, reserved 1048576K
Heap Regions: E=young(eden), S=young(survivor), O=old, HS=humongous(starts), HC=humongous(continues), CS=collection set, F=free, A=archive, TAMS=top-at-mark-start (previous, next)
|   0|0x0000000700000000, 0x0000000700100000, 0x0000000700100000|100%|HS|  |TAMS 0x0000000700000000, 0x0000000700000000| Complete 
|   1|0x0000000700100000, 0x0000000700100000, 0x0000000700200000|  0%| F|  |TAMS 0x0000000700100000, 0x0000000700100000| Untracked 
|   2|0x0000000700200000, 0x0000000700200000, 0x0000000700300000|  0%| F|  |TAMS 0x0000000700200000, 0x0000000700200000| Untracked 
|   3|0x0000000700300000, 0x0000000700300000, 0x0000000700400000|  0%| F|  |TAMS 0x0000000700300000, 0x0000000700300000| Untracked 
|   4|0x0000000700400000, 0x0000000700400000, 0x0000000700500000|  0%| F|  |TAMS 0x0000000700400000, 0x0000000700400000| Untracked 
|   5|0x0000000700500000, 0x0000000700500000, 0x0000000700600000|  0%| F|  |TAMS 0x0000000700500000, 0x0000000700500000| Untracked 
|   6|0x0000000700600000, 0x0000000700600000, 0x0000000700700000|  0%| F|  |TAMS 0x0000000700600000, 0x0000000700600000| Untracked 
|   7|0x0000000700700000, 0x0000000700700000, 0x0000000700800000|  0%| F|  |TAMS 0x0000000700700000, 0x0000000700700000| Untracked 
|   8|0x0000000700800000, 0x0000000700800000, 0x0000000700900000|  0%| F|  |TAMS 0x0000000700800000, 0x0000000700800000| Untracked 
|   9|0x0000000700900000, 0x0000000700900000, 0x0000000700a00000|  0%| F|  |TAMS 0x0000000700900000, 0x0000000700900000| Untracked 
|  10|0x0000000700a00000, 0x0000000700a00000, 0x0000000700b00000|  0%| F|  |TAMS 0x0000000700a00000, 0x0000000700a00000| Untracked 
|  11|0x0000000700b00000, 0x0000000700b00000, 0x0000000700c00000|  0%| F|  |TAMS 0x0000000700b00000, 0x0000000700b00000| Untracked 
|  12|0x0000000700c00000, 0x0000000700c00000, 0x0000000700d00000|  0%| F|  |TAMS 0x0000000700c00000, 0x0000000700c00000| Untracked 
|  13|0x0000000700d00000, 0x0000000700d00000, 0x0000000700e00000|  0%| F|  |TAMS 0x0000000700d00000, 0x0000000700d00000| Untracked 
|  14|0x0000000700e00000, 0x0000000700e00000, 0x0000000700f00000|  0%| F|  |TAMS 0x0000000700e00000, 0x0000000700e00000| Untracked 
|  15|0x0000000700f00000, 0x0000000700f00000, 0x0000000701000000|  0%| F|  |TAMS 0x0000000700f00000, 0x0000000700f00000| Untracked 
|  16|0x0000000701000000, 0x0000000701000000, 0x0000000701100000|  0%| F|  |TAMS 0x0000000701000000, 0x0000000701000000| Untracked 
|  17|0x0000000701100000, 0x0000000701100000, 0x0000000701200000|  0%| F|  |TAMS 0x0000000701100000, 0x0000000701100000| Untracked 
|  18|0x0000000701200000, 0x0000000701200000, 0x0000000701300000|  0%| F|  |TAMS 0x0000000701200000, 0x0000000701200000| Untracked 
|  19|0x0000000701300000, 0x0000000701300000, 0x0000000701400000|  0%| F|  |TAMS 0x0000000701300000, 0x0000000701300000| Untracked 
|  20|0x0000000701400000, 0x0000000701400000, 0x0000000701500000|  0%| F|  |TAMS 0x0000000701400000, 0x0000000701400000| Untracked 
|  21|0x0000000701500000, 0x0000000701500000, 0x0000000701600000|  0%| F|  |TAMS 0x0000000701500000, 0x0000000701500000| Untracked 
|  22|0x0000000701600000, 0x0000000701600000, 0x0000000701700000|  0%| F|  |TAMS 0x0000000701600000, 0x0000000701600000| Untracked 
|  23|0x0000000701700000, 0x0000000701700000, 0x0000000701800000|  0%| F|  |TAMS 0x0000000701700000, 0x0000000701700000| Untracked 
|  24|0x0000000701800000, 0x0000000701800000, 0x0000000701900000|  0%| F|  |TAMS 0x0000000701800000, 0x0000000701800000| Untracked 
|  25|0x0000000701900000, 0x0000000701900000, 0x0000000701a00000|  0%| F|  |TAMS 0x0000000701900000, 0x0000000701900000| Untracked 
|  26|0x0000000701a00000, 0x0000000701a00000, 0x0000000701b00000|  0%| F|  |TAMS 0x0000000701a00000, 0x0000000701a00000| Untracked 
|  27|0x0000000701b00000, 0x0000000701b00000, 0x0000000701c00000|  0%| F|  |TAMS 0x0000000701b00000, 0x0000000701b00000| Untracked 
|  28|0x0000000701c00000, 0x0000000701c00000, 0x0000000701d00000|  0%| F|  |TAMS 0x0000000701c00000, 0x0000000701c00000| Untracked 
|  29|0x0000000701d00000, 0x0000000701d00000, 0x0000000701e00000|  0%| F|  |TAMS 0x0000000701d00000, 0x0000000701d00000| Untracked 
|  30|0x0000000701e00000, 0x0000000701e00000, 0x0000000701f00000|  0%| F|  |TAMS 0x0000000701e00000, 0x0000000701e00000| Untracked 
|  31|0x0000000701f00000, 0x0000000701f00000, 0x0000000702000000|  0%| F|  |TAMS 0x0000000701f00000, 0x0000000701f00000| Untracked 
|  32|0x0000000702000000, 0x0000000702000000, 0x0000000702100000|  0%| F|  |TAMS 0x0000000702000000, 0x0000000702000000| Untracked 
|  33|0x0000000702100000, 0x0000000702100000, 0x0000000702200000|  0%| F|  |TAMS 0x0000000702100000, 0x0000000702100000| Untracked 
|  34|0x0000000702200000, 0x0000000702200000, 0x0000000702300000|  0%| F|  |TAMS 0x0000000702200000, 0x0000000702200000| Untracked 
|  35|0x0000000702300000, 0x0000000702300000, 0x0000000702400000|  0%| F|  |TAMS 0x0000000702300000, 0x0000000702300000| Untracked 
|  36|0x0000000702400000, 0x0000000702400000, 0x0000000702500000|  0%| F|  |TAMS 0x0000000702400000, 0x0000000702400000| Untracked 
|  37|0x0000000702500000, 0x0000000702500000, 0x0000000702600000|  0%| F|  |TAMS 0x0000000702500000, 0x0000000702500000| Untracked 
|  38|0x0000000702600000, 0x0000000702600000, 0x0000000702700000|  0%| F|  |TAMS 0x0000000702600000, 0x0000000702600000| Untracked 
|  39|0x0000000702700000, 0x0000000702700000, 0x0000000702800000|  0%| F|  |TAMS 0x0000000702700000, 0x0000000702700000| Untracked 
|  40|0x0000000702800000, 0x0000000702800000, 0x0000000702900000|  0%| F|  |TAMS 0x0000000702800000, 0x0000000702800000| Untracked 
|  41|0x0000000702900000, 0x0000000702900000, 0x0000000702a00000|  0%| F|  |TAMS 0x0000000702900000, 0x0000000702900000| Untracked 
|  42|0x0000000702a00000, 0x0000000702a00000, 0x0000000702b00000|  0%| F|  |TAMS 0x0000000702a00000, 0x0000000702a00000| Untracked 
|  43|0x0000000702b00000, 0x0000000702b00000, 0x0000000702c00000|  0%| F|  |TAMS 0x0000000702b00000, 0x0000000702b00000| Untracked 
|  44|0x0000000702c00000, 0x0000000702c00000, 0x0000000702d00000|  0%| F|  |TAMS 0x0000000702c00000, 0x0000000702c00000| Untracked 
|  45|0x0000000702d00000, 0x0000000702d00000, 0x0000000702e00000|  0%| F|  |TAMS 0x0000000702d00000, 0x0000000702d00000| Untracked 
|  46|0x0000000702e00000, 0x0000000702e00000, 0x0000000702f00000|  0%| F|  |TAMS 0x0000000702e00000, 0x0000000702e00000| Untracked 
|  47|0x0000000702f00000, 0x0000000702f00000, 0x0000000703000000|  0%| F|  |TAMS 0x0000000702f00000, 0x0000000702f00000| Untracked 
|  48|0x0000000703000000, 0x0000000703000000, 0x0000000703100000|  0%| F|  |TAMS 0x0000000703000000, 0x0000000703000000| Untracked 
|  49|0x0000000703100000, 0x0000000703100000, 0x0000000703200000|  0%| F|  |TAMS 0x0000000703100000, 0x0000000703100000| Untracked 
|  50|0x0000000703200000, 0x0000000703200000, 0x0000000703300000|  0%| F|  |TAMS 0x0000000703200000, 0x0000000703200000| Untracked 
|  51|0x0000000703300000, 0x0000000703300000, 0x0000000703400000|  0%| F|  |TAMS 0x0000000703300000, 0x0000000703300000| Untracked 
|  52|0x0000000703400000, 0x0000000703400000, 0x0000000703500000|  0%| F|  |TAMS 0x0000000703400000, 0x0000000703400000| Untracked 
|  53|0x0000000703500000, 0x0000000703500000, 0x0000000703600000|  0%| F|  |TAMS 0x0000000703500000, 0x0000000703500000| Untracked 
|  54|0x0000000703600000, 0x0000000703600000, 0x0000000703700000|  0%| F|  |TAMS 0x0000000703600000, 0x0000000703600000| Untracked 
|  55|0x0000000703700000, 0x0000000703700000, 0x0000000703800000|  0%| F|  |TAMS 0x0000000703700000, 0x0000000703700000| Untracked 
|  56|0x0000000703800000, 0x0000000703800000, 0x0000000703900000|  0%| F|  |TAMS 0x0000000703800000, 0x0000000703800000| Untracked 
|  57|0x0000000703900000, 0x0000000703900000, 0x0000000703a00000|  0%| F|  |TAMS 0x0000000703900000, 0x0000000703900000| Untracked 
|  58|0x0000000703a00000, 0x0000000703a00000, 0x0000000703b00000|  0%| F|  |TAMS 0x0000000703a00000, 0x0000000703a00000| Untracked 
|  59|0x0000000703b00000, 0x0000000703b00000, 0x0000000703c00000|  0%| F|  |TAMS 0x0000000703b00000, 0x0000000703b00000| Untracked 
|  60|0x0000000703c00000, 0x0000000703c00000, 0x0000000703d00000|  0%| F|  |TAMS 0x0000000703c00000, 0x0000000703c00000| Untracked 
|  61|0x0000000703d00000, 0x0000000703d00000, 0x0000000703e00000|  0%| F|  |TAMS 0x0000000703d00000, 0x0000000703d00000| Untracked 
|  62|0x0000000703e00000, 0x0000000703e00000, 0x0000000703f00000|  0%| F|  |TAMS 0x0000000703e00000, 0x0000000703e00000| Untracked 
|  63|0x0000000703f00000, 0x0000000703f00000, 0x0000000704000000|  0%| F|  |TAMS 0x0000000703f00000, 0x0000000703f00000| Untracked 
|  64|0x0000000704000000, 0x0000000704000000, 0x0000000704100000|  0%| F|  |TAMS 0x0000000704000000, 0x0000000704000000| Untracked 
|  65|0x0000000704100000, 0x0000000704100000, 0x0000000704200000|  0%| F|  |TAMS 0x0000000704100000, 0x0000000704100000| Untracked 
|  66|0x0000000704200000, 0x0000000704200000, 0x0000000704300000|  0%| F|  |TAMS 0x0000000704200000, 0x0000000704200000| Untracked 
|  67|0x0000000704300000, 0x0000000704300000, 0x0000000704400000|  0%| F|  |TAMS 0x0000000704300000, 0x0000000704300000| Untracked 
|  68|0x0000000704400000, 0x0000000704400000, 0x0000000704500000|  0%| F|  |TAMS 0x0000000704400000, 0x0000000704400000| Untracked 
|  69|0x0000000704500000, 0x0000000704500000, 0x0000000704600000|  0%| F|  |TAMS 0x0000000704500000, 0x0000000704500000| Untracked 
|  70|0x0000000704600000, 0x0000000704600000, 0x0000000704700000|  0%| F|  |TAMS 0x0000000704600000, 0x0000000704600000| Untracked 
|  71|0x0000000704700000, 0x0000000704700000, 0x0000000704800000|  0%| F|  |TAMS 0x0000000704700000, 0x0000000704700000| Untracked 
|  72|0x0000000704800000, 0x0000000704800000, 0x0000000704900000|  0%| F|  |TAMS 0x0000000704800000, 0x0000000704800000| Untracked 
|  73|0x0000000704900000, 0x0000000704900000, 0x0000000704a00000|  0%| F|  |TAMS 0x0000000704900000, 0x0000000704900000| Untracked 
|  74|0x0000000704a00000, 0x0000000704a00000, 0x0000000704b00000|  0%| F|  |TAMS 0x0000000704a00000, 0x0000000704a00000| Untracked 
|  75|0x0000000704b00000, 0x0000000704b00000, 0x0000000704c00000|  0%| F|  |TAMS 0x0000000704b00000, 0x0000000704b00000| Untracked 
|  76|0x0000000704c00000, 0x0000000704c00000, 0x0000000704d00000|  0%| F|  |TAMS 0x0000000704c00000, 0x0000000704c00000| Untracked 
|  77|0x0000000704d00000, 0x0000000704d00000, 0x0000000704e00000|  0%| F|  |TAMS 0x0000000704d00000, 0x0000000704d00000| Untracked 
|  78|0x0000000704e00000, 0x0000000704e00000, 0x0000000704f00000|  0%| F|  |TAMS 0x0000000704e00000, 0x0000000704e00000| Untracked 
|  79|0x0000000704f00000, 0x0000000704f00000, 0x0000000705000000|  0%| F|  |TAMS 0x0000000704f00000, 0x0000000704f00000| Untracked 
|  80|0x0000000705000000, 0x0000000705000000, 0x0000000705100000|  0%| F|  |TAMS 0x0000000705000000, 0x0000000705000000| Untracked 
|  81|0x0000000705100000, 0x0000000705100000, 0x0000000705200000|  0%| F|  |TAMS 0x0000000705100000, 0x0000000705100000| Untracked 
|  82|0x0000000705200000, 0x0000000705200000, 0x0000000705300000|  0%| F|  |TAMS 0x0000000705200000, 0x0000000705200000| Untracked 
|  83|0x0000000705300000, 0x0000000705300000, 0x0000000705400000|  0%| F|  |TAMS 0x0000000705300000, 0x0000000705300000| Untracked 
|  84|0x0000000705400000, 0x0000000705400000, 0x0000000705500000|  0%| F|  |TAMS 0x0000000705400000, 0x0000000705400000| Untracked 
|  85|0x0000000705500000, 0x0000000705500000, 0x0000000705600000|  0%| F|  |TAMS 0x0000000705500000, 0x0000000705500000| Untracked 
|  86|0x0000000705600000, 0x0000000705600000, 0x0000000705700000|  0%| F|  |TAMS 0x0000000705600000, 0x0000000705600000| Untracked 
|  87|0x0000000705700000, 0x0000000705700000, 0x0000000705800000|  0%| F|  |TAMS 0x0000000705700000, 0x0000000705700000| Untracked 
|  88|0x0000000705800000, 0x0000000705800000, 0x0000000705900000|  0%| F|  |TAMS 0x0000000705800000, 0x0000000705800000| Untracked 
|  89|0x0000000705900000, 0x0000000705900000, 0x0000000705a00000|  0%| F|  |TAMS 0x0000000705900000, 0x0000000705900000| Untracked 
|  90|0x0000000705a00000, 0x0000000705a00000, 0x0000000705b00000|  0%| F|  |TAMS 0x0000000705a00000, 0x0000000705a00000| Untracked 
|  91|0x0000000705b00000, 0x0000000705b00000, 0x0000000705c00000|  0%| F|  |TAMS 0x0000000705b00000, 0x0000000705b00000| Untracked 
|  92|0x0000000705c00000, 0x0000000705c00000, 0x0000000705d00000|  0%| F|  |TAMS 0x0000000705c00000, 0x0000000705c00000| Untracked 
|  93|0x0000000705d00000, 0x0000000705d00000, 0x0000000705e00000|  0%| F|  |TAMS 0x0000000705d00000, 0x0000000705d00000| Untracked 
|  94|0x0000000705e00000, 0x0000000705e00000, 0x0000000705f00000|  0%| F|  |TAMS 0x0000000705e00000, 0x0000000705e00000| Untracked 
|  95|0x0000000705f00000, 0x0000000705f00000, 0x0000000706000000|  0%| F|  |TAMS 0x0000000705f00000, 0x0000000705f00000| Untracked 
|  96|0x0000000706000000, 0x0000000706000000, 0x0000000706100000|  0%| F|  |TAMS 0x0000000706000000, 0x0000000706000000| Untracked 
|  97|0x0000000706100000, 0x0000000706100000, 0x0000000706200000|  0%| F|  |TAMS 0x0000000706100000, 0x0000000706100000| Untracked 
|  98|0x0000000706200000, 0x0000000706200000, 0x0000000706300000|  0%| F|  |TAMS 0x0000000706200000, 0x0000000706200000| Untracked 
|  99|0x0000000706300000, 0x0000000706300000, 0x0000000706400000|  0%| F|  |TAMS 0x0000000706300000, 0x0000000706300000| Untracked 
| 100|0x0000000706400000, 0x0000000706400000, 0x0000000706500000|  0%| F|  |TAMS 0x0000000706400000, 0x0000000706400000| Untracked 
| 101|0x0000000706500000, 0x0000000706500000, 0x0000000706600000|  0%| F|  |TAMS 0x0000000706500000, 0x0000000706500000| Untracked 
| 102|0x0000000706600000, 0x0000000706600000, 0x0000000706700000|  0%| F|  |TAMS 0x0000000706600000, 0x0000000706600000| Untracked 
| 103|0x0000000706700000, 0x0000000706700000, 0x0000000706800000|  0%| F|  |TAMS 0x0000000706700000, 0x0000000706700000| Untracked 
| 104|0x0000000706800000, 0x0000000706800000, 0x0000000706900000|  0%| F|  |TAMS 0x0000000706800000, 0x0000000706800000| Untracked 
| 105|0x0000000706900000, 0x0000000706900000, 0x0000000706a00000|  0%| F|  |TAMS 0x0000000706900000, 0x0000000706900000| Untracked 
| 106|0x0000000706a00000, 0x0000000706a00000, 0x0000000706b00000|  0%| F|  |TAMS 0x0000000706a00000, 0x0000000706a00000| Untracked 
| 107|0x0000000706b00000, 0x0000000706b00000, 0x0000000706c00000|  0%| F|  |TAMS 0x0000000706b00000, 0x0000000706b00000| Untracked 
| 108|0x0000000706c00000, 0x0000000706c00000, 0x0000000706d00000|  0%| F|  |TAMS 0x0000000706c00000, 0x0000000706c00000| Untracked 
| 109|0x0000000706d00000, 0x0000000706d00000, 0x0000000706e00000|  0%| F|  |TAMS 0x0000000706d00000, 0x0000000706d00000| Untracked 
| 110|0x0000000706e00000, 0x0000000706e00000, 0x0000000706f00000|  0%| F|  |TAMS 0x0000000706e00000, 0x0000000706e00000| Untracked 
| 111|0x0000000706f00000, 0x0000000706f00000, 0x0000000707000000|  0%| F|  |TAMS 0x0000000706f00000, 0x0000000706f00000| Untracked 
| 112|0x0000000707000000, 0x0000000707000000, 0x0000000707100000|  0%| F|  |TAMS 0x0000000707000000, 0x0000000707000000| Untracked 
| 113|0x0000000707100000, 0x0000000707100000, 0x0000000707200000|  0%| F|  |TAMS 0x0000000707100000, 0x0000000707100000| Untracked 
| 114|0x0000000707200000, 0x0000000707200000, 0x0000000707300000|  0%| F|  |TAMS 0x0000000707200000, 0x0000000707200000| Untracked 
| 115|0x0000000707300000, 0x0000000707300000, 0x0000000707400000|  0%| F|  |TAMS 0x0000000707300000, 0x0000000707300000| Untracked 
| 116|0x0000000707400000, 0x0000000707400000, 0x0000000707500000|  0%| F|  |TAMS 0x0000000707400000, 0x0000000707400000| Untracked 
| 117|0x0000000707500000, 0x0000000707500000, 0x0000000707600000|  0%| F|  |TAMS 0x0000000707500000, 0x0000000707500000| Untracked 
| 118|0x0000000707600000, 0x0000000707600000, 0x0000000707700000|  0%| F|  |TAMS 0x0000000707600000, 0x0000000707600000| Untracked 
| 119|0x0000000707700000, 0x0000000707700000, 0x0000000707800000|  0%| F|  |TAMS 0x0000000707700000, 0x0000000707700000| Untracked 
| 120|0x0000000707800000, 0x0000000707800000, 0x0000000707900000|  0%| F|  |TAMS 0x0000000707800000, 0x0000000707800000| Untracked 
| 121|0x0000000707900000, 0x0000000707900000, 0x0000000707a00000|  0%| F|  |TAMS 0x0000000707900000, 0x0000000707900000| Untracked 
| 122|0x0000000707a00000, 0x0000000707a00000, 0x0000000707b00000|  0%| F|  |TAMS 0x0000000707a00000, 0x0000000707a00000| Untracked 
| 123|0x0000000707b00000, 0x0000000707b00000, 0x0000000707c00000|  0%| F|  |TAMS 0x0000000707b00000, 0x0000000707b00000| Untracked 
| 124|0x0000000707c00000, 0x0000000707c00000, 0x0000000707d00000|  0%| F|  |TAMS 0x0000000707c00000, 0x0000000707c00000| Untracked 
| 125|0x0000000707d00000, 0x0000000707d00000, 0x0000000707e00000|  0%| F|  |TAMS 0x0000000707d00000, 0x0000000707d00000| Untracked 
| 126|0x0000000707e00000, 0x0000000707e00000, 0x0000000707f00000|  0%| F|  |TAMS 0x0000000707e00000, 0x0000000707e00000| Untracked 
| 127|0x0000000707f00000, 0x0000000707f00000, 0x0000000708000000|  0%| F|  |TAMS 0x0000000707f00000, 0x0000000707f00000| Untracked 
| 128|0x0000000708000000, 0x0000000708000000, 0x0000000708100000|  0%| F|  |TAMS 0x0000000708000000, 0x0000000708000000| Untracked 
| 129|0x0000000708100000, 0x0000000708100000, 0x0000000708200000|  0%| F|  |TAMS 0x0000000708100000, 0x0000000708100000| Untracked 
| 130|0x0000000708200000, 0x0000000708200000, 0x0000000708300000|  0%| F|  |TAMS 0x0000000708200000, 0x0000000708200000| Untracked 
| 131|0x0000000708300000, 0x0000000708300000, 0x0000000708400000|  0%| F|  |TAMS 0x0000000708300000, 0x0000000708300000| Untracked 
| 132|0x0000000708400000, 0x0000000708400000, 0x0000000708500000|  0%| F|  |TAMS 0x0000000708400000, 0x0000000708400000| Untracked 
| 133|0x0000000708500000, 0x0000000708500000, 0x0000000708600000|  0%| F|  |TAMS 0x0000000708500000, 0x0000000708500000| Untracked 
| 134|0x0000000708600000, 0x0000000708600000, 0x0000000708700000|  0%| F|  |TAMS 0x0000000708600000, 0x0000000708600000| Untracked 
| 135|0x0000000708700000, 0x0000000708700000, 0x0000000708800000|  0%| F|  |TAMS 0x0000000708700000, 0x0000000708700000| Untracked 
| 136|0x0000000708800000, 0x0000000708800000, 0x0000000708900000|  0%| F|  |TAMS 0x0000000708800000, 0x0000000708800000| Untracked 
| 137|0x0000000708900000, 0x0000000708900000, 0x0000000708a00000|  0%| F|  |TAMS 0x0000000708900000, 0x0000000708900000| Untracked 
| 138|0x0000000708a00000, 0x0000000708a00000, 0x0000000708b00000|  0%| F|  |TAMS 0x0000000708a00000, 0x0000000708a00000| Untracked 
| 139|0x0000000708b00000, 0x0000000708b00000, 0x0000000708c00000|  0%| F|  |TAMS 0x0000000708b00000, 0x0000000708b00000| Untracked 
| 140|0x0000000708c00000, 0x0000000708c00000, 0x0000000708d00000|  0%| F|  |TAMS 0x0000000708c00000, 0x0000000708c00000| Untracked 
| 141|0x0000000708d00000, 0x0000000708d00000, 0x0000000708e00000|  0%| F|  |TAMS 0x0000000708d00000, 0x0000000708d00000| Untracked 
| 142|0x0000000708e00000, 0x0000000708e00000, 0x0000000708f00000|  0%| F|  |TAMS 0x0000000708e00000, 0x0000000708e00000| Untracked 
| 143|0x0000000708f00000, 0x0000000708f00000, 0x0000000709000000|  0%| F|  |TAMS 0x0000000708f00000, 0x0000000708f00000| Untracked 
| 144|0x0000000709000000, 0x0000000709000000, 0x0000000709100000|  0%| F|  |TAMS 0x0000000709000000, 0x0000000709000000| Untracked 
| 145|0x0000000709100000, 0x0000000709100000, 0x0000000709200000|  0%| F|  |TAMS 0x0000000709100000, 0x0000000709100000| Untracked 
| 146|0x0000000709200000, 0x0000000709200000, 0x0000000709300000|  0%| F|  |TAMS 0x0000000709200000, 0x0000000709200000| Untracked 
| 147|0x0000000709300000, 0x0000000709300000, 0x0000000709400000|  0%| F|  |TAMS 0x0000000709300000, 0x0000000709300000| Untracked 
| 148|0x0000000709400000, 0x0000000709400000, 0x0000000709500000|  0%| F|  |TAMS 0x0000000709400000, 0x0000000709400000| Untracked 
| 149|0x0000000709500000, 0x0000000709500000, 0x0000000709600000|  0%| F|  |TAMS 0x0000000709500000, 0x0000000709500000| Untracked 
| 150|0x0000000709600000, 0x0000000709600000, 0x0000000709700000|  0%| F|  |TAMS 0x0000000709600000, 0x0000000709600000| Untracked 
| 151|0x0000000709700000, 0x0000000709700000, 0x0000000709800000|  0%| F|  |TAMS 0x0000000709700000, 0x0000000709700000| Untracked 
| 152|0x0000000709800000, 0x0000000709800000, 0x0000000709900000|  0%| F|  |TAMS 0x0000000709800000, 0x0000000709800000| Untracked 
| 153|0x0000000709900000, 0x0000000709900000, 0x0000000709a00000|  0%| F|  |TAMS 0x0000000709900000, 0x0000000709900000| Untracked 
| 154|0x0000000709a00000, 0x0000000709a00000, 0x0000000709b00000|  0%| F|  |TAMS 0x0000000709a00000, 0x0000000709a00000| Untracked 
| 155|0x0000000709b00000, 0x0000000709b00000, 0x0000000709c00000|  0%| F|  |TAMS 0x0000000709b00000, 0x0000000709b00000| Untracked 
| 156|0x0000000709c00000, 0x0000000709c00000, 0x0000000709d00000|  0%| F|  |TAMS 0x0000000709c00000, 0x0000000709c00000| Untracked 
| 157|0x0000000709d00000, 0x0000000709d00000, 0x0000000709e00000|  0%| F|  |TAMS 0x0000000709d00000, 0x0000000709d00000| Untracked 
| 158|0x0000000709e00000, 0x0000000709e00000, 0x0000000709f00000|  0%| F|  |TAMS 0x0000000709e00000, 0x0000000709e00000| Untracked 
| 159|0x0000000709f00000, 0x0000000709f00000, 0x000000070a000000|  0%| F|  |TAMS 0x0000000709f00000, 0x0000000709f00000| Untracked 
| 160|0x000000070a000000, 0x000000070a000000, 0x000000070a100000|  0%| F|  |TAMS 0x000000070a000000, 0x000000070a000000| Untracked 
| 161|0x000000070a100000, 0x000000070a100000, 0x000000070a200000|  0%| F|  |TAMS 0x000000070a100000, 0x000000070a100000| Untracked 
| 162|0x000000070a200000, 0x000000070a200000, 0x000000070a300000|  0%| F|  |TAMS 0x000000070a200000, 0x000000070a200000| Untracked 
| 163|0x000000070a300000, 0x000000070a300000, 0x000000070a400000|  0%| F|  |TAMS 0x000000070a300000, 0x000000070a300000| Untracked 
| 164|0x000000070a400000, 0x000000070a400000, 0x000000070a500000|  0%| F|  |TAMS 0x000000070a400000, 0x000000070a400000| Untracked 
| 165|0x000000070a500000, 0x000000070a500000, 0x000000070a600000|  0%| F|  |TAMS 0x000000070a500000, 0x000000070a500000| Untracked 
| 166|0x000000070a600000, 0x000000070a600000, 0x000000070a700000|  0%| F|  |TAMS 0x000000070a600000, 0x000000070a600000| Untracked 
| 167|0x000000070a700000, 0x000000070a700000, 0x000000070a800000|  0%| F|  |TAMS 0x000000070a700000, 0x000000070a700000| Untracked 
| 168|0x000000070a800000, 0x000000070a800000, 0x000000070a900000|  0%| F|  |TAMS 0x000000070a800000, 0x000000070a800000| Untracked 
| 169|0x000000070a900000, 0x000000070a900000, 0x000000070aa00000|  0%| F|  |TAMS 0x000000070a900000, 0x000000070a900000| Untracked 
| 170|0x000000070aa00000, 0x000000070aa00000, 0x000000070ab00000|  0%| F|  |TAMS 0x000000070aa00000, 0x000000070aa00000| Untracked 
| 171|0x000000070ab00000, 0x000000070ab00000, 0x000000070ac00000|  0%| F|  |TAMS 0x000000070ab00000, 0x000000070ab00000| Untracked 
| 172|0x000000070ac00000, 0x000000070ac00000, 0x000000070ad00000|  0%| F|  |TAMS 0x000000070ac00000, 0x000000070ac00000| Untracked 
| 173|0x000000070ad00000, 0x000000070ad00000, 0x000000070ae00000|  0%| F|  |TAMS 0x000000070ad00000, 0x000000070ad00000| Untracked 
| 174|0x000000070ae00000, 0x000000070ae00000, 0x000000070af00000|  0%| F|  |TAMS 0x000000070ae00000, 0x000000070ae00000| Untracked 
| 175|0x000000070af00000, 0x000000070af00000, 0x000000070b000000|  0%| F|  |TAMS 0x000000070af00000, 0x000000070af00000| Untracked 
| 176|0x000000070b000000, 0x000000070b000000, 0x000000070b100000|  0%| F|  |TAMS 0x000000070b000000, 0x000000070b000000| Untracked 
| 177|0x000000070b100000, 0x000000070b100000, 0x000000070b200000|  0%| F|  |TAMS 0x000000070b100000, 0x000000070b100000| Untracked 
| 178|0x000000070b200000, 0x000000070b200000, 0x000000070b300000|  0%| F|  |TAMS 0x000000070b200000, 0x000000070b200000| Untracked 
| 179|0x000000070b300000, 0x000000070b300000, 0x000000070b400000|  0%| F|  |TAMS 0x000000070b300000, 0x000000070b300000| Untracked 
| 180|0x000000070b400000, 0x000000070b400000, 0x000000070b500000|  0%| F|  |TAMS 0x000000070b400000, 0x000000070b400000| Untracked 
| 181|0x000000070b500000, 0x000000070b500000, 0x000000070b600000|  0%| F|  |TAMS 0x000000070b500000, 0x000000070b500000| Untracked 
| 182|0x000000070b600000, 0x000000070b600000, 0x000000070b700000|  0%| F|  |TAMS 0x000000070b600000, 0x000000070b600000| Untracked 
| 183|0x000000070b700000, 0x000000070b700000, 0x000000070b800000|  0%| F|  |TAMS 0x000000070b700000, 0x000000070b700000| Untracked 
| 184|0x000000070b800000, 0x000000070b800000, 0x000000070b900000|  0%| F|  |TAMS 0x000000070b800000, 0x000000070b800000| Untracked 
| 185|0x000000070b900000, 0x000000070b900000, 0x000000070ba00000|  0%| F|  |TAMS 0x000000070b900000, 0x000000070b900000| Untracked 
| 186|0x000000070ba00000, 0x000000070ba00000, 0x000000070bb00000|  0%| F|  |TAMS 0x000000070ba00000, 0x000000070ba00000| Untracked 
| 187|0x000000070bb00000, 0x000000070bb00000, 0x000000070bc00000|  0%| F|  |TAMS 0x000000070bb00000, 0x000000070bb00000| Untracked 
| 188|0x000000070bc00000, 0x000000070bc00000, 0x000000070bd00000|  0%| F|  |TAMS 0x000000070bc00000, 0x000000070bc00000| Untracked 
| 189|0x000000070bd00000, 0x000000070bd00000, 0x000000070be00000|  0%| F|  |TAMS 0x000000070bd00000, 0x000000070bd00000| Untracked 
| 190|0x000000070be00000, 0x000000070be00000, 0x000000070bf00000|  0%| F|  |TAMS 0x000000070be00000, 0x000000070be00000| Untracked 
| 191|0x000000070bf00000, 0x000000070bf00000, 0x000000070c000000|  0%| F|  |TAMS 0x000000070bf00000, 0x000000070bf00000| Untracked 
| 192|0x000000070c000000, 0x000000070c000000, 0x000000070c100000|  0%| F|  |TAMS 0x000000070c000000, 0x000000070c000000| Untracked 
| 193|0x000000070c100000, 0x000000070c100000, 0x000000070c200000|  0%| F|  |TAMS 0x000000070c100000, 0x000000070c100000| Untracked 
| 194|0x000000070c200000, 0x000000070c200000, 0x000000070c300000|  0%| F|  |TAMS 0x000000070c200000, 0x000000070c200000| Untracked 
| 195|0x000000070c300000, 0x000000070c300000, 0x000000070c400000|  0%| F|  |TAMS 0x000000070c300000, 0x000000070c300000| Untracked 
| 196|0x000000070c400000, 0x000000070c400000, 0x000000070c500000|  0%| F|  |TAMS 0x000000070c400000, 0x000000070c400000| Untracked 
| 197|0x000000070c500000, 0x000000070c500000, 0x000000070c600000|  0%| F|  |TAMS 0x000000070c500000, 0x000000070c500000| Untracked 
| 198|0x000000070c600000, 0x000000070c600000, 0x000000070c700000|  0%| F|  |TAMS 0x000000070c600000, 0x000000070c600000| Untracked 
| 199|0x000000070c700000, 0x000000070c700000, 0x000000070c800000|  0%| F|  |TAMS 0x000000070c700000, 0x000000070c700000| Untracked 
| 200|0x000000070c800000, 0x000000070c800000, 0x000000070c900000|  0%| F|  |TAMS 0x000000070c800000, 0x000000070c800000| Untracked 
| 201|0x000000070c900000, 0x000000070c900000, 0x000000070ca00000|  0%| F|  |TAMS 0x000000070c900000, 0x000000070c900000| Untracked 
| 202|0x000000070ca00000, 0x000000070ca00000, 0x000000070cb00000|  0%| F|  |TAMS 0x000000070ca00000, 0x000000070ca00000| Untracked 
| 203|0x000000070cb00000, 0x000000070cb00000, 0x000000070cc00000|  0%| F|  |TAMS 0x000000070cb00000, 0x000000070cb00000| Untracked 
| 204|0x000000070cc00000, 0x000000070cc00000, 0x000000070cd00000|  0%| F|  |TAMS 0x000000070cc00000, 0x000000070cc00000| Untracked 
| 205|0x000000070cd00000, 0x000000070cd00000, 0x000000070ce00000|  0%| F|  |TAMS 0x000000070cd00000, 0x000000070cd00000| Untracked 
| 206|0x000000070ce00000, 0x000000070ce00000, 0x000000070cf00000|  0%| F|  |TAMS 0x000000070ce00000, 0x000000070ce00000| Untracked 
| 207|0x000000070cf00000, 0x000000070cf00000, 0x000000070d000000|  0%| F|  |TAMS 0x000000070cf00000, 0x000000070cf00000| Untracked 
| 208|0x000000070d000000, 0x000000070d000000, 0x000000070d100000|  0%| F|  |TAMS 0x000000070d000000, 0x000000070d000000| Untracked 
| 209|0x000000070d100000, 0x000000070d100000, 0x000000070d200000|  0%| F|  |TAMS 0x000000070d100000, 0x000000070d100000| Untracked 
| 210|0x000000070d200000, 0x000000070d200000, 0x000000070d300000|  0%| F|  |TAMS 0x000000070d200000, 0x000000070d200000| Untracked 
| 211|0x000000070d300000, 0x000000070d300000, 0x000000070d400000|  0%| F|  |TAMS 0x000000070d300000, 0x000000070d300000| Untracked 
| 212|0x000000070d400000, 0x000000070d400000, 0x000000070d500000|  0%| F|  |TAMS 0x000000070d400000, 0x000000070d400000| Untracked 
| 213|0x000000070d500000, 0x000000070d500000, 0x000000070d600000|  0%| F|  |TAMS 0x000000070d500000, 0x000000070d500000| Untracked 
| 214|0x000000070d600000, 0x000000070d600000, 0x000000070d700000|  0%| F|  |TAMS 0x000000070d600000, 0x000000070d600000| Untracked 
| 215|0x000000070d700000, 0x000000070d700000, 0x000000070d800000|  0%| F|  |TAMS 0x000000070d700000, 0x000000070d700000| Untracked 
| 216|0x000000070d800000, 0x000000070d800000, 0x000000070d900000|  0%| F|  |TAMS 0x000000070d800000, 0x000000070d800000| Untracked 
| 217|0x000000070d900000, 0x000000070d900000, 0x000000070da00000|  0%| F|  |TAMS 0x000000070d900000, 0x000000070d900000| Untracked 
| 218|0x000000070da00000, 0x000000070da00000, 0x000000070db00000|  0%| F|  |TAMS 0x000000070da00000, 0x000000070da00000| Untracked 
| 219|0x000000070db00000, 0x000000070db00000, 0x000000070dc00000|  0%| F|  |TAMS 0x000000070db00000, 0x000000070db00000| Untracked 
| 220|0x000000070dc00000, 0x000000070dc00000, 0x000000070dd00000|  0%| F|  |TAMS 0x000000070dc00000, 0x000000070dc00000| Untracked 
| 221|0x000000070dd00000, 0x000000070dd00000, 0x000000070de00000|  0%| F|  |TAMS 0x000000070dd00000, 0x000000070dd00000| Untracked 
| 222|0x000000070de00000, 0x000000070de00000, 0x000000070df00000|  0%| F|  |TAMS 0x000000070de00000, 0x000000070de00000| Untracked 
| 223|0x000000070df00000, 0x000000070df00000, 0x000000070e000000|  0%| F|  |TAMS 0x000000070df00000, 0x000000070df00000| Untracked 
| 224|0x000000070e000000, 0x000000070e000000, 0x000000070e100000|  0%| F|  |TAMS 0x000000070e000000, 0x000000070e000000| Untracked 
| 225|0x000000070e100000, 0x000000070e100000, 0x000000070e200000|  0%| F|  |TAMS 0x000000070e100000, 0x000000070e100000| Untracked 
| 226|0x000000070e200000, 0x000000070e200000, 0x000000070e300000|  0%| F|  |TAMS 0x000000070e200000, 0x000000070e200000| Untracked 
| 227|0x000000070e300000, 0x000000070e300000, 0x000000070e400000|  0%| F|  |TAMS 0x000000070e300000, 0x000000070e300000| Untracked 
| 228|0x000000070e400000, 0x000000070e400000, 0x000000070e500000|  0%| F|  |TAMS 0x000000070e400000, 0x000000070e400000| Untracked 
| 229|0x000000070e500000, 0x000000070e500000, 0x000000070e600000|  0%| F|  |TAMS 0x000000070e500000, 0x000000070e500000| Untracked 
| 230|0x000000070e600000, 0x000000070e600000, 0x000000070e700000|  0%| F|  |TAMS 0x000000070e600000, 0x000000070e600000| Untracked 
| 231|0x000000070e700000, 0x000000070e700000, 0x000000070e800000|  0%| F|  |TAMS 0x000000070e700000, 0x000000070e700000| Untracked 
| 232|0x000000070e800000, 0x000000070e800000, 0x000000070e900000|  0%| F|  |TAMS 0x000000070e800000, 0x000000070e800000| Untracked 
| 233|0x000000070e900000, 0x000000070e900000, 0x000000070ea00000|  0%| F|  |TAMS 0x000000070e900000, 0x000000070e900000| Untracked 
| 234|0x000000070ea00000, 0x000000070ea00000, 0x000000070eb00000|  0%| F|  |TAMS 0x000000070ea00000, 0x000000070ea00000| Untracked 
| 235|0x000000070eb00000, 0x000000070eb00000, 0x000000070ec00000|  0%| F|  |TAMS 0x000000070eb00000, 0x000000070eb00000| Untracked 
| 236|0x000000070ec00000, 0x000000070ec00000, 0x000000070ed00000|  0%| F|  |TAMS 0x000000070ec00000, 0x000000070ec00000| Untracked 
| 237|0x000000070ed00000, 0x000000070ed00000, 0x000000070ee00000|  0%| F|  |TAMS 0x000000070ed00000, 0x000000070ed00000| Untracked 
| 238|0x000000070ee00000, 0x000000070ee00000, 0x000000070ef00000|  0%| F|  |TAMS 0x000000070ee00000, 0x000000070ee00000| Untracked 
| 239|0x000000070ef00000, 0x000000070ef00000, 0x000000070f000000|  0%| F|  |TAMS 0x000000070ef00000, 0x000000070ef00000| Untracked 
| 240|0x000000070f000000, 0x000000070f000000, 0x000000070f100000|  0%| F|  |TAMS 0x000000070f000000, 0x000000070f000000| Untracked 
| 241|0x000000070f100000, 0x000000070f100000, 0x000000070f200000|  0%| F|  |TAMS 0x000000070f100000, 0x000000070f100000| Untracked 
| 242|0x000000070f200000, 0x000000070f200000, 0x000000070f300000|  0%| F|  |TAMS 0x000000070f200000, 0x000000070f200000| Untracked 
| 243|0x000000070f300000, 0x000000070f300000, 0x000000070f400000|  0%| F|  |TAMS 0x000000070f300000, 0x000000070f300000| Untracked 
| 244|0x000000070f400000, 0x000000070f400000, 0x000000070f500000|  0%| F|  |TAMS 0x000000070f400000, 0x000000070f400000| Untracked 
| 245|0x000000070f500000, 0x000000070f500000, 0x000000070f600000|  0%| F|  |TAMS 0x000000070f500000, 0x000000070f500000| Untracked 
| 246|0x000000070f600000, 0x000000070f600000, 0x000000070f700000|  0%| F|  |TAMS 0x000000070f600000, 0x000000070f600000| Untracked 
| 247|0x000000070f700000, 0x000000070f700000, 0x000000070f800000|  0%| F|  |TAMS 0x000000070f700000, 0x000000070f700000| Untracked 
| 248|0x000000070f800000, 0x000000070f800000, 0x000000070f900000|  0%| F|  |TAMS 0x000000070f800000, 0x000000070f800000| Untracked 
| 249|0x000000070f900000, 0x000000070f900000, 0x000000070fa00000|  0%| F|  |TAMS 0x000000070f900000, 0x000000070f900000| Untracked 
| 250|0x000000070fa00000, 0x000000070fafb510, 0x000000070fb00000| 98%| E|  |TAMS 0x000000070fa00000, 0x000000070fa00000| Complete 
| 251|0x000000070fb00000, 0x000000070fc00000, 0x000000070fc00000|100%| E|CS|TAMS 0x000000070fb00000, 0x000000070fb00000| Complete 
| 252|0x000000070fc00000, 0x000000070fd00000, 0x000000070fd00000|100%| E|CS|TAMS 0x000000070fc00000, 0x000000070fc00000| Complete 
| 253|0x000000070fd00000, 0x000000070fe00000, 0x000000070fe00000|100%| E|  |TAMS 0x000000070fd00000, 0x000000070fd00000| Complete 
| 254|0x000000070fe00000, 0x000000070ff00000, 0x000000070ff00000|100%| E|CS|TAMS 0x000000070fe00000, 0x000000070fe00000| Complete 
| 255|0x000000070ff00000, 0x0000000710000000, 0x0000000710000000|100%| E|CS|TAMS 0x000000070ff00000, 0x000000070ff00000| Complete 

Card table byte_map: [0x000000011f13a000,0x000000011f93a000] _byte_map_base: 0x000000011b93a000

Marking Bits (Prev, Next): (CMBitMap*) 0x00007fb7ca83a018, (CMBitMap*) 0x00007fb7ca83a050
 Prev Bits: [0x000000012013a000, 0x000000012413a000)
 Next Bits: [0x000000012413a000, 0x000000012813a000)

Polling page: 0x0000000105df3000

Metaspace:

Usage:
  Non-class:      4.40 MB capacity,     4.38 MB (>99%) used,    20.68 KB ( <1%) free+waste,   896 bytes ( <1%) overhead. 
      Class:    464.00 KB capacity,   419.75 KB ( 90%) used,    43.56 KB (  9%) free+waste,   704 bytes ( <1%) overhead. 
       Both:      4.86 MB capacity,     4.79 MB ( 99%) used,    64.24 KB (  1%) free+waste,     1.56 KB ( <1%) overhead. 

Virtual space:
  Non-class space:        8.00 MB reserved,       4.50 MB ( 56%) committed 
      Class space:        1.00 GB reserved,     512.00 KB ( <1%) committed 
             Both:        1.01 GB reserved,       5.00 MB ( <1%) committed 

Chunk freelists:
   Non-Class:  60.00 KB
       Class:  16.00 KB
        Both:  76.00 KB

MaxMetaspaceSize: unlimited
CompressedClassSpaceSize: 1.00 GB
Initial GC threshold: 20.80 MB
Current GC threshold: 20.80 MB
CDS: off

CodeHeap 'non-profiled nmethods': size=120032Kb used=63Kb max_used=63Kb free=119968Kb
 bounds [0x0000000117c02000, 0x0000000117e72000, 0x000000011f13a000]
CodeHeap 'profiled nmethods': size=120028Kb used=342Kb max_used=342Kb free=119685Kb
 bounds [0x00000001106cb000, 0x000000011093b000, 0x0000000117c02000]
CodeHeap 'non-nmethods': size=5700Kb used=1054Kb max_used=1066Kb free=4645Kb
 bounds [0x000000011013a000, 0x00000001103aa000, 0x00000001106cb000]
 total_blobs=540 nmethods=252 adapters=202
 compilation: enabled
              stopped_count=0, restarted_count=0
 full_count=0

Compilation events (20 events):
Event: 0.192 Thread 0x00007fb7ca853800 nmethod 243 0x0000000117c11110 code [0x0000000117c112c0, 0x0000000117c11370]
Event: 0.192 Thread 0x00007fb7ca853800  244       1       java.net.URL::getRef (5 bytes)
Event: 0.192 Thread 0x00007fb7ca853800 nmethod 244 0x0000000117c11410 code [0x0000000117c115c0, 0x0000000117c11670]
Event: 0.192 Thread 0x00007fb7ca853800  245       3       java.lang.Integer::stringSize (47 bytes)
Event: 0.192 Thread 0x00007fb7ca853800 nmethod 245 0x000000011071c410 code [0x000000011071c5c0, 0x000000011071c7f0]
Event: 0.192 Thread 0x00007fb7ca853800  246       3       java.lang.Integer::getChars (131 bytes)
Event: 0.192 Thread 0x00007fb7ca853800 nmethod 246 0x000000011071c890 code [0x000000011071ca80, 0x000000011071ceb0]
Event: 0.192 Thread 0x00007fb7ca853800  247       3       java.util.ArrayDeque::inc (12 bytes)
Event: 0.192 Thread 0x00007fb7ca853800 nmethod 247 0x000000011071d110 code [0x000000011071d2c0, 0x000000011071d3d0]
Event: 0.192 Thread 0x00007fb7ca853800  248       3       java.lang.StringBuilder::append (8 bytes)
Event: 0.193 Thread 0x00007fb7ca853800 nmethod 248 0x000000011071d490 code [0x000000011071d640, 0x000000011071d780]
Event: 0.193 Thread 0x00007fb7ca853800  249       3       java.lang.String::regionMatches (150 bytes)
Event: 0.193 Thread 0x00007fb7ca852800 nmethod 239 0x0000000117c11710 code [0x0000000117c118a0, 0x0000000117c119f8]
Event: 0.193 Thread 0x00007fb7ca853800 nmethod 249 0x000000011071d810 code [0x000000011071da80, 0x000000011071e420]
Event: 0.193 Thread 0x00007fb7ca853800  250       3       sun.net.www.ParseUtil::firstEncodeIndex (86 bytes)
Event: 0.194 Thread 0x00007fb7ca852800  251       4       java.lang.CharacterData::of (120 bytes)
Event: 0.194 Thread 0x00007fb7ca852800 nmethod 251 0x0000000117c11b10 code [0x0000000117c11ca0, 0x0000000117c11d18]
Event: 0.194 Thread 0x00007fb7ca853800 nmethod 250 0x000000011071e790 code [0x000000011071e9e0, 0x000000011071f380]
Event: 0.194 Thread 0x00007fb7ca853800  252       3       java.lang.String::checkBoundsBeginEnd (60 bytes)
Event: 0.195 Thread 0x00007fb7ca853800 nmethod 252 0x000000011071f710 code [0x000000011071f9e0, 0x0000000110720510]

GC Heap History (0 events):
No events

Deoptimization events (20 events):
Event: 0.155 Thread 0x00007fb7cb812800 DEOPT PACKING pc=0x00000001106ea1c3 sp=0x00007000006eaa00
Event: 0.155 Thread 0x00007fb7cb812800 DEOPT UNPACKING pc=0x000000011018464a sp=0x00007000006e9ef0 mode 0
Event: 0.169 Thread 0x00007fb7cb812800 Uncommon trap: trap_request=0xffffff4d fr.pc=0x0000000117c0b8b0 relative=0x0000000000000170
Event: 0.169 Thread 0x00007fb7cb812800 Uncommon trap: reason=unstable_if action=reinterpret pc=0x0000000117c0b8b0 method=java.util.zip.ZipFile$Source.isMetaName([BII)Z @ 43 c2
Event: 0.169 Thread 0x00007fb7cb812800 DEOPT PACKING pc=0x0000000117c0b8b0 sp=0x00007000006e9580
Event: 0.169 Thread 0x00007fb7cb812800 DEOPT UNPACKING pc=0x0000000110183ea5 sp=0x00007000006e9548 mode 2
Event: 0.177 Thread 0x00007fb7cb812800 DEOPT PACKING pc=0x00000001106d2d8d sp=0x00007000006eb0b0
Event: 0.177 Thread 0x00007fb7cb812800 DEOPT UNPACKING pc=0x000000011018464a sp=0x00007000006ea558 mode 0
Event: 0.188 Thread 0x00007fb7cb812800 DEOPT PACKING pc=0x0000000110702e04 sp=0x00007000006ea9d0
Event: 0.188 Thread 0x00007fb7cb812800 DEOPT UNPACKING pc=0x000000011018464a sp=0x00007000006e9e60 mode 0
Event: 0.191 Thread 0x00007fb7cb812800 DEOPT PACKING pc=0x000000011070d23a sp=0x00007000006ec1c0
Event: 0.191 Thread 0x00007fb7cb812800 DEOPT UNPACKING pc=0x000000011018464a sp=0x00007000006eb648 mode 0
Event: 0.191 Thread 0x00007fb7cb812800 DEOPT PACKING pc=0x00000001106f58cf sp=0x00007000006ec170
Event: 0.191 Thread 0x00007fb7cb812800 DEOPT UNPACKING pc=0x000000011018464a sp=0x00007000006eb618 mode 0
Event: 0.192 Thread 0x00007fb7cb812800 DEOPT PACKING pc=0x00000001106f58cf sp=0x00007000006ec170
Event: 0.192 Thread 0x00007fb7cb812800 DEOPT UNPACKING pc=0x000000011018464a sp=0x00007000006eb618 mode 0
Event: 0.192 Thread 0x00007fb7cb812800 DEOPT PACKING pc=0x00000001106f58cf sp=0x00007000006ec070
Event: 0.192 Thread 0x00007fb7cb812800 DEOPT UNPACKING pc=0x000000011018464a sp=0x00007000006eb518 mode 0
Event: 0.193 Thread 0x00007fb7cb812800 DEOPT PACKING pc=0x00000001106f58cf sp=0x00007000006ec170
Event: 0.193 Thread 0x00007fb7cb812800 DEOPT UNPACKING pc=0x000000011018464a sp=0x00007000006eb618 mode 0

Classes redefined (0 events):
No events

Internal exceptions (0 events):
No events

Events (20 events):
Event: 0.193 loading class org/apache/camel/main/MainSupport$7
Event: 0.193 loading class org/apache/camel/main/MainSupport$7 done
Event: 0.193 loading class org/apache/camel/main/MainSupport$8
Event: 0.193 loading class org/apache/camel/main/MainSupport$8 done
Event: 0.193 loading class org/apache/camel/spi/Registry
Event: 0.193 loading class org/apache/camel/spi/Registry done
Event: 0.193 loading class java/lang/IllegalStateException
Event: 0.193 loading class java/lang/IllegalStateException done
Event: 0.193 loading class org/apache/camel/CamelContext
Event: 0.193 loading class org/apache/camel/CamelContext done
Event: 0.194 loading class org/apache/camel/RuntimeConfiguration
Event: 0.194 loading class org/apache/camel/RuntimeConfiguration done
Event: 0.194 loading class java/lang/PublicMethods$MethodList
Event: 0.194 loading class java/lang/PublicMethods$MethodList done
Event: 0.195 loading class java/lang/PublicMethods$Key
Event: 0.195 loading class java/lang/PublicMethods$Key done
Event: 0.195 loading class org/apache/camel/spring/boot/CamelSpringBootApplicationController
Event: 0.195 loading class org/apache/camel/spring/boot/CamelSpringBootApplicationController done
Event: 0.195 loading class java/lang/Class$EnclosingMethodInfo
Event: 0.195 loading class java/lang/Class$EnclosingMethodInfo done


Dynamic libraries:
0x0000000105e47000 	/Users/massimo.sposato/Library/Java/JavaVirtualMachines/temurin-11.0.16/Contents/Home/lib/jli/libjli.dylib
0x00007ff82a583000 	/System/Library/Frameworks/Cocoa.framework/Versions/A/Cocoa
0x00007ff8157d8000 	/System/Library/Frameworks/AppKit.framework/Versions/C/AppKit
0x00007ff818388000 	/System/Library/Frameworks/CoreData.framework/Versions/A/CoreData
0x00007ff8134ed000 	/System/Library/Frameworks/Foundation.framework/Versions/C/Foundation
0x00007ff81e242000 	/usr/lib/libSystem.B.dylib
0x00007ff8167dd000 	/System/Library/PrivateFrameworks/UIFoundation.framework/Versions/A/UIFoundation
0x00007ffb127bc000 	/System/Library/PrivateFrameworks/CollectionViewCore.framework/Versions/A/CollectionViewCore
0x00007ff824597000 	/System/Library/PrivateFrameworks/RemoteViewServices.framework/Versions/A/RemoteViewServices
0x00007ff81c2b2000 	/System/Library/PrivateFrameworks/XCTTargetBootstrap.framework/Versions/A/XCTTargetBootstrap
0x00007ff8200b1000 	/System/Library/PrivateFrameworks/InternationalSupport.framework/Versions/A/InternationalSupport
0x00007ff82013a000 	/System/Library/PrivateFrameworks/UserActivity.framework/Versions/A/UserActivity
0x00007ffb284f1000 	/System/Library/PrivateFrameworks/WindowManagement.framework/Versions/A/WindowManagement
0x00007ff8131d9000 	/System/Library/Frameworks/SystemConfiguration.framework/Versions/A/SystemConfiguration
0x00007ff81f4aa000 	/usr/lib/libspindump.dylib
0x00007ff8169aa000 	/System/Library/Frameworks/UniformTypeIdentifiers.framework/Versions/A/UniformTypeIdentifiers
0x00007ff81a7a9000 	/usr/lib/libapp_launch_measurement.dylib
0x00007ff819933000 	/System/Library/PrivateFrameworks/CoreAnalytics.framework/Versions/A/CoreAnalytics
0x00007ff81a7ac000 	/System/Library/PrivateFrameworks/CoreAutoLayout.framework/Versions/A/CoreAutoLayout
0x00007ff81bb39000 	/System/Library/Frameworks/Metal.framework/Versions/A/Metal
0x00007ff81ca6e000 	/usr/lib/liblangid.dylib
0x00007ff81c2b7000 	/System/Library/PrivateFrameworks/CoreSVG.framework/Versions/A/CoreSVG
0x00007ff8172de000 	/System/Library/PrivateFrameworks/SkyLight.framework/Versions/A/SkyLight
0x00007ff8176c7000 	/System/Library/Frameworks/CoreGraphics.framework/Versions/A/CoreGraphics
0x00007ff824c71000 	/System/Library/Frameworks/Accelerate.framework/Versions/A/Accelerate
0x00007ff81ef1f000 	/System/Library/PrivateFrameworks/IconServices.framework/Versions/A/IconServices
0x00007ff81bb1c000 	/System/Library/Frameworks/IOSurface.framework/Versions/A/IOSurface
0x00007ff81995c000 	/usr/lib/libDiagnosticMessagesClient.dylib
0x00007ff81e15e000 	/usr/lib/libz.1.dylib
0x00007ff8281b0000 	/System/Library/Frameworks/ApplicationServices.framework/Versions/A/ApplicationServices
0x00007ff81c29e000 	/System/Library/PrivateFrameworks/DFRFoundation.framework/Versions/A/DFRFoundation
0x00007ff8150a4000 	/usr/lib/libicucore.A.dylib
0x00007ff820f51000 	/System/Library/Frameworks/AudioToolbox.framework/Versions/A/AudioToolbox
0x00007ff8200bc000 	/System/Library/PrivateFrameworks/DataDetectorsCore.framework/Versions/A/DataDetectorsCore
0x00007ff91756c000 	/System/Library/PrivateFrameworks/TextInput.framework/Versions/A/TextInput
0x00007ff817253000 	/usr/lib/libMobileGestalt.dylib
0x00007ff81bfa6000 	/System/Library/Frameworks/Carbon.framework/Versions/A/Frameworks/HIToolbox.framework/Versions/A/HIToolbox
0x00007ff81a14d000 	/System/Library/Frameworks/QuartzCore.framework/Versions/A/QuartzCore
0x00007ff814d24000 	/System/Library/Frameworks/Security.framework/Versions/A/Security
0x00007ff8245cf000 	/System/Library/Frameworks/Carbon.framework/Versions/A/Frameworks/SpeechRecognition.framework/Versions/A/SpeechRecognition
0x00007ff81a4e9000 	/System/Library/PrivateFrameworks/CoreUI.framework/Versions/A/CoreUI
0x00007ff814629000 	/System/Library/Frameworks/CoreAudio.framework/Versions/A/CoreAudio
0x00007ff819a36000 	/System/Library/Frameworks/DiskArbitration.framework/Versions/A/DiskArbitration
0x00007ff81f8cb000 	/System/Library/PrivateFrameworks/MultitouchSupport.framework/Versions/A/MultitouchSupport
0x00007ff817252000 	/usr/lib/libenergytrace.dylib
0x00007ff8156ba000 	/System/Library/Frameworks/IOKit.framework/Versions/A/IOKit
0x00007ff8249c8000 	/System/Library/Frameworks/CoreServices.framework/Versions/A/CoreServices
0x00007ff81a741000 	/System/Library/PrivateFrameworks/PerformanceAnalysis.framework/Versions/A/PerformanceAnalysis
0x00007ffa269c4000 	/System/Library/Frameworks/OpenGL.framework/Versions/A/OpenGL
0x00007ff81a7f4000 	/usr/lib/libxml2.2.dylib
0x00007ff81d6df000 	/System/Library/PrivateFrameworks/MobileKeyBag.framework/Versions/A/MobileKeyBag
0x00007ff8122a8000 	/usr/lib/libobjc.A.dylib
0x00007ff81256c000 	/usr/lib/libc++.1.dylib
0x00007ff817dea000 	/System/Library/Frameworks/ColorSync.framework/Versions/A/ColorSync
0x00007ff812677000 	/System/Library/Frameworks/CoreFoundation.framework/Versions/A/CoreFoundation
0x00007ff81c650000 	/System/Library/Frameworks/CoreImage.framework/Versions/A/CoreImage
0x00007ff81443a000 	/System/Library/Frameworks/CoreText.framework/Versions/A/CoreText
0x00007ff81c2f2000 	/System/Library/Frameworks/ImageIO.framework/Versions/A/ImageIO
0x00007ff81e248000 	/System/Library/PrivateFrameworks/SoftLinking.framework/Versions/A/SoftLinking
0x00007ff81e4c9000 	/usr/lib/libcompression.dylib
0x00007ff81ffe3000 	/System/Library/PrivateFrameworks/TextureIO.framework/Versions/A/TextureIO
0x00007ff81ebe7000 	/usr/lib/libate.dylib
0x00007ff81e23d000 	/usr/lib/system/libcache.dylib
0x00007ff81e1f8000 	/usr/lib/system/libcommonCrypto.dylib
0x00007ff81e221000 	/usr/lib/system/libcompiler_rt.dylib
0x00007ff81e217000 	/usr/lib/system/libcopyfile.dylib
0x00007ff8123d7000 	/usr/lib/system/libcorecrypto.dylib
0x00007ff812499000 	/usr/lib/system/libdispatch.dylib
0x00007ff812621000 	/usr/lib/system/libdyld.dylib
0x00007ff81e233000 	/usr/lib/system/libkeymgr.dylib
0x00007ff81e1d7000 	/usr/lib/system/libmacho.dylib
0x00007ff81d7cb000 	/usr/lib/system/libquarantine.dylib
0x00007ff81e231000 	/usr/lib/system/libremovefile.dylib
0x00007ff8172ac000 	/usr/lib/system/libsystem_asl.dylib
0x00007ff812379000 	/usr/lib/system/libsystem_blocks.dylib
0x00007ff8124e3000 	/usr/lib/system/libsystem_c.dylib
0x00007ff81e229000 	/usr/lib/system/libsystem_collections.dylib
0x00007ff81ca5f000 	/usr/lib/system/libsystem_configuration.dylib
0x00007ff81baed000 	/usr/lib/system/libsystem_containermanager.dylib
0x00007ff81dea8000 	/usr/lib/system/libsystem_coreservices.dylib
0x00007ff815338000 	/usr/lib/system/libsystem_darwin.dylib
0x00007ff81e234000 	/usr/lib/system/libsystem_dnssd.dylib
0x00007ff8124e0000 	/usr/lib/system/libsystem_featureflags.dylib
0x00007ff81264c000 	/usr/lib/system/libsystem_info.dylib
0x00007ff81e171000 	/usr/lib/system/libsystem_m.dylib
0x00007ff81246c000 	/usr/lib/system/libsystem_malloc.dylib
0x00007ff81723b000 	/usr/lib/system/libsystem_networkextension.dylib
0x00007ff815779000 	/usr/lib/system/libsystem_notify.dylib
0x00007ff81ca63000 	/usr/lib/system/libsystem_sandbox.dylib
0x00007ff81e22e000 	/usr/lib/system/libsystem_secinit.dylib
0x00007ff8125db000 	/usr/lib/system/libsystem_kernel.dylib
0x00007ff812642000 	/usr/lib/system/libsystem_platform.dylib
0x00007ff812615000 	/usr/lib/system/libsystem_pthread.dylib
0x00007ff818bfc000 	/usr/lib/system/libsystem_symptoms.dylib
0x00007ff8123bd000 	/usr/lib/system/libsystem_trace.dylib
0x00007ff81e204000 	/usr/lib/system/libunwind.dylib
0x00007ff81237d000 	/usr/lib/system/libxpc.dylib
0x00007ff8125c5000 	/usr/lib/libc++abi.dylib
0x00007ff81e20f000 	/usr/lib/liboah.dylib
0x00007ff81e995000 	/usr/lib/liblzma.5.dylib
0x00007ff81e244000 	/usr/lib/libfakelink.dylib
0x00007ff816e96000 	/System/Library/Frameworks/CFNetwork.framework/Versions/A/CFNetwork
0x00007ff81e381000 	/usr/lib/libarchive.2.dylib
0x00007ff822880000 	/System/Library/Frameworks/Combine.framework/Versions/A/Combine
0x00007ff8209c9000 	/usr/lib/swift/libswiftCore.dylib
0x00007ff9145e6000 	/usr/lib/swift/libswiftCoreFoundation.dylib
0x00007ff9125e8000 	/usr/lib/swift/libswiftDarwin.dylib
0x00007ff8261eb000 	/usr/lib/swift/libswiftDispatch.dylib
0x00007ff914602000 	/usr/lib/swift/libswiftIOKit.dylib
0x00007ff8285d9000 	/usr/lib/swift/libswiftObjectiveC.dylib
0x00007ff9145f7000 	/usr/lib/swift/libswiftXPC.dylib
0x00007ffb2ed6d000 	/usr/lib/swift/libswift_Concurrency.dylib
0x00007ffb2eeac000 	/usr/lib/swift/libswift_StringProcessing.dylib
0x00007ff8285dd000 	/usr/lib/swift/libswiftos.dylib
0x00007ff81563f000 	/System/Library/PrivateFrameworks/CoreServicesInternal.framework/Versions/A/CoreServicesInternal
0x00007ff81d7f2000 	/usr/lib/libbsm.0.dylib
0x00007ff81e1dc000 	/usr/lib/system/libkxld.dylib
0x00007ff81a775000 	/System/Library/Frameworks/CoreServices.framework/Versions/A/Frameworks/FSEvents.framework/Versions/A/FSEvents
0x00007ff815343000 	/System/Library/Frameworks/CoreServices.framework/Versions/A/Frameworks/CarbonCore.framework/Versions/A/CarbonCore
0x00007ff81999f000 	/System/Library/Frameworks/CoreServices.framework/Versions/A/Frameworks/Metadata.framework/Versions/A/Metadata
0x00007ff81deae000 	/System/Library/Frameworks/CoreServices.framework/Versions/A/Frameworks/OSServices.framework/Versions/A/OSServices
0x00007ff81e409000 	/System/Library/Frameworks/CoreServices.framework/Versions/A/Frameworks/SearchKit.framework/Versions/A/SearchKit
0x00007ff818b83000 	/System/Library/Frameworks/CoreServices.framework/Versions/A/Frameworks/AE.framework/Versions/A/AE
0x00007ff812b10000 	/System/Library/Frameworks/CoreServices.framework/Versions/A/Frameworks/LaunchServices.framework/Versions/A/LaunchServices
0x00007ff81e946000 	/System/Library/Frameworks/CoreServices.framework/Versions/A/Frameworks/DictionaryServices.framework/Versions/A/DictionaryServices
0x00007ff81a782000 	/System/Library/Frameworks/CoreServices.framework/Versions/A/Frameworks/SharedFileList.framework/Versions/A/SharedFileList
0x00007ff81e495000 	/usr/lib/libapple_nghttp2.dylib
0x00007ff816e92000 	/usr/lib/libnetwork.dylib
0x00007ff8187fe000 	/usr/lib/libsqlite3.dylib
0x00007ff818c04000 	/System/Library/Frameworks/Network.framework/Versions/A/Network
0x00007ffb2dd99000 	/usr/lib/libCoreEntitlements.dylib
0x00007ffb1baee000 	/System/Library/PrivateFrameworks/MessageSecurity.framework/Versions/A/MessageSecurity
0x00007ff8187e5000 	/System/Library/PrivateFrameworks/ProtocolBuffer.framework/Versions/A/ProtocolBuffer
0x00007ff81de88000 	/System/Library/PrivateFrameworks/AppleFSCompression.framework/Versions/A/AppleFSCompression
0x00007ff81d7da000 	/usr/lib/libcoretls.dylib
0x00007ff81e9af000 	/usr/lib/libcoretls_cfhelpers.dylib
0x00007ff81e4c4000 	/usr/lib/libpam.2.dylib
0x00007ff81ea1c000 	/usr/lib/libxar.1.dylib
0x00007ff81eefb000 	/usr/lib/libheimdal-asn1.dylib
0x00007ff81e249000 	/usr/lib/libpcap.A.dylib
0x00007ff818bf3000 	/usr/lib/libdns_services.dylib
0x00007ff81ca6a000 	/System/Library/PrivateFrameworks/AppleSystemInfo.framework/Versions/A/AppleSystemInfo
0x00007ff81d4e9000 	/System/Library/PrivateFrameworks/IOMobileFramebuffer.framework/Versions/A/IOMobileFramebuffer
0x00007ff81de98000 	/usr/lib/libbz2.1.0.dylib
0x00007ff81d7ce000 	/usr/lib/libCheckFix.dylib
0x00007ff8172c3000 	/System/Library/PrivateFrameworks/TCC.framework/Versions/A/TCC
0x00007ff81ca70000 	/System/Library/PrivateFrameworks/CoreNLP.framework/Versions/A/CoreNLP
0x00007ff81995e000 	/System/Library/PrivateFrameworks/MetadataUtilities.framework/Versions/A/MetadataUtilities
0x00007ff81d802000 	/usr/lib/libmecab.dylib
0x00007ff813258000 	/usr/lib/libCRFSuite.dylib
0x00007ff81d85c000 	/usr/lib/libgermantok.dylib
0x00007ff81e470000 	/usr/lib/libThaiTokenizer.dylib
0x00007ff819a3e000 	/System/Library/Frameworks/Accelerate.framework/Versions/A/Frameworks/vImage.framework/Versions/A/vImage
0x00007ff82499b000 	/System/Library/Frameworks/Accelerate.framework/Versions/A/Frameworks/vecLib.framework/Versions/A/vecLib
0x00007ff81ea5e000 	/System/Library/Frameworks/Accelerate.framework/Versions/A/Frameworks/vecLib.framework/Versions/A/libvMisc.dylib
0x00007ff81d30e000 	/System/Library/Frameworks/Accelerate.framework/Versions/A/Frameworks/vecLib.framework/Versions/A/libvDSP.dylib
0x00007ff812eca000 	/System/Library/Frameworks/Accelerate.framework/Versions/A/Frameworks/vecLib.framework/Versions/A/libBLAS.dylib
0x00007ff81e5a7000 	/System/Library/Frameworks/Accelerate.framework/Versions/A/Frameworks/vecLib.framework/Versions/A/libLAPACK.dylib
0x00007ff81d85f000 	/System/Library/Frameworks/Accelerate.framework/Versions/A/Frameworks/vecLib.framework/Versions/A/libLinearAlgebra.dylib
0x00007ff81e4ad000 	/System/Library/Frameworks/Accelerate.framework/Versions/A/Frameworks/vecLib.framework/Versions/A/libSparseBLAS.dylib
0x00007ff81e5a1000 	/System/Library/Frameworks/Accelerate.framework/Versions/A/Frameworks/vecLib.framework/Versions/A/libQuadrature.dylib
0x00007ff81cb5d000 	/System/Library/Frameworks/Accelerate.framework/Versions/A/Frameworks/vecLib.framework/Versions/A/libBNNS.dylib
0x00007ff813162000 	/System/Library/Frameworks/Accelerate.framework/Versions/A/Frameworks/vecLib.framework/Versions/A/libSparse.dylib
0x00007ffb1ae2b000 	/System/Library/PrivateFrameworks/MIL.framework/Versions/A/MIL
0x00007ff81e27e000 	/usr/lib/libiconv.2.dylib
0x00007ff81e1d6000 	/usr/lib/libcharset.1.dylib
0x00007ff81a759000 	/System/Library/Frameworks/OpenDirectory.framework/Versions/A/Frameworks/CFOpenDirectory.framework/Versions/A/CFOpenDirectory
0x00007ff81a74d000 	/System/Library/Frameworks/OpenDirectory.framework/Versions/A/OpenDirectory
0x00007ff81e9b1000 	/System/Library/PrivateFrameworks/APFS.framework/Versions/A/APFS
0x00007ff81d712000 	/System/Library/Frameworks/SecurityFoundation.framework/Versions/A/SecurityFoundation
0x00007ff81ea2a000 	/usr/lib/libutil.dylib
0x00007ffb1a031000 	/System/Library/PrivateFrameworks/InstalledContentLibrary.framework/Versions/A/InstalledContentLibrary
0x00007ff81567e000 	/System/Library/PrivateFrameworks/CoreServicesStore.framework/Versions/A/CoreServicesStore
0x00007ffa31323000 	/System/Library/PrivateFrameworks/AppleMobileFileIntegrity.framework/Versions/A/AppleMobileFileIntegrity
0x00007ff9145c6000 	/usr/lib/libmis.dylib
0x00007ff922a92000 	/System/Library/PrivateFrameworks/MobileSystemServices.framework/Versions/A/MobileSystemServices
0x00007ffa1c89a000 	/System/Library/PrivateFrameworks/ConfigProfileHelper.framework/Versions/A/ConfigProfileHelper
0x00007ff81e472000 	/System/Library/PrivateFrameworks/AppleSauce.framework/Versions/A/AppleSauce
0x00007ff813eff000 	/System/Library/PrivateFrameworks/LanguageModeling.framework/Versions/A/LanguageModeling
0x00007ff81ea2e000 	/usr/lib/libxslt.1.dylib
0x00007ff81e370000 	/usr/lib/libcmph.dylib
0x00007ff81d4d7000 	/System/Library/PrivateFrameworks/CoreEmoji.framework/Versions/A/CoreEmoji
0x00007ff81cb57000 	/System/Library/PrivateFrameworks/LinguisticData.framework/Versions/A/LinguisticData
0x00007ff813118000 	/System/Library/PrivateFrameworks/Lexicon.framework/Versions/A/Lexicon
0x00007ff81d7a0000 	/System/Library/PrivateFrameworks/BackgroundTaskManagement.framework/Versions/A/BackgroundTaskManagement
0x00007ffb2decf000 	/usr/lib/libTLE.dylib
0x00007ffb2edf1000 	/usr/lib/swift/libswift_RegexParser.dylib
0x00007ff81f791000 	/System/Library/PrivateFrameworks/AppleJPEG.framework/Versions/A/AppleJPEG
0x00007ff81eee0000 	/usr/lib/libexpat.1.dylib
0x00007ff81fe3f000 	/System/Library/Frameworks/ImageIO.framework/Versions/A/Resources/libPng.dylib
0x00007ff81fe6c000 	/System/Library/Frameworks/ImageIO.framework/Versions/A/Resources/libTIFF.dylib
0x00007ff81ff5d000 	/System/Library/Frameworks/ImageIO.framework/Versions/A/Resources/libGIF.dylib
0x00007ff81f7dc000 	/System/Library/Frameworks/ImageIO.framework/Versions/A/Resources/libJP2.dylib
0x00007ff81fefd000 	/System/Library/Frameworks/ImageIO.framework/Versions/A/Resources/libJPEG.dylib
0x00007ff81fef4000 	/System/Library/Frameworks/ImageIO.framework/Versions/A/Resources/libRadiance.dylib
0x00007ff81be3c000 	/System/Library/PrivateFrameworks/FontServices.framework/libFontParser.dylib
0x00007ff818b29000 	/System/Library/PrivateFrameworks/RunningBoardServices.framework/Versions/A/RunningBoardServices
0x00007ff82abb9000 	/System/Library/PrivateFrameworks/IOSurfaceAccelerator.framework/Versions/A/IOSurfaceAccelerator
0x00007ff81f8c7000 	/System/Library/PrivateFrameworks/WatchdogClient.framework/Versions/A/WatchdogClient
0x00007ff814061000 	/System/Library/Frameworks/CoreDisplay.framework/Versions/A/CoreDisplay
0x00007ff81bd2c000 	/System/Library/Frameworks/CoreMedia.framework/Versions/A/CoreMedia
0x00007ff81bb30000 	/System/Library/PrivateFrameworks/IOAccelerator.framework/Versions/A/IOAccelerator
0x00007ff81a8d3000 	/System/Library/Frameworks/CoreVideo.framework/Versions/A/CoreVideo
0x00007ff81e4c2000 	/System/Library/Frameworks/MetalPerformanceShaders.framework/Versions/A/MetalPerformanceShaders
0x00007ff81f904000 	/System/Library/Frameworks/VideoToolbox.framework/Versions/A/VideoToolbox
0x00007ff818a6e000 	/System/Library/PrivateFrameworks/BaseBoard.framework/Versions/A/BaseBoard
0x00007ff81feed000 	/System/Library/PrivateFrameworks/GPUWrangler.framework/Versions/A/GPUWrangler
0x00007ff81fed1000 	/System/Library/PrivateFrameworks/IOPresentment.framework/Versions/A/IOPresentment
0x00007ff81fef7000 	/System/Library/PrivateFrameworks/DSExternalDisplay.framework/Versions/A/DSExternalDisplay
0x00007ffb1674a000 	/System/Library/PrivateFrameworks/GPUCompiler.framework/Versions/31001/Libraries/libllvm-flatbuffers.dylib
0x00007ffa269b8000 	/System/Library/Frameworks/OpenGL.framework/Versions/A/Libraries/libCoreFSCache.dylib
0x00007ffb16746000 	/System/Library/PrivateFrameworks/GPUCompiler.framework/Versions/31001/Libraries/libGPUCompilerUtils.dylib
0x00007ff81ff63000 	/System/Library/PrivateFrameworks/CMCaptureCore.framework/Versions/A/CMCaptureCore
0x00007ffa2b98c000 	/System/Library/Frameworks/ExtensionFoundation.framework/Versions/A/ExtensionFoundation
0x00007ff826964000 	/System/Library/PrivateFrameworks/CoreTime.framework/Versions/A/CoreTime
0x00007ff81f494000 	/System/Library/PrivateFrameworks/AppServerSupport.framework/Versions/A/AppServerSupport
0x00007ff821816000 	/System/Library/PrivateFrameworks/perfdata.framework/Versions/A/perfdata
0x00007ff81418d000 	/System/Library/PrivateFrameworks/AudioToolboxCore.framework/Versions/A/AudioToolboxCore
0x00007ff81bd06000 	/System/Library/PrivateFrameworks/caulk.framework/Versions/A/caulk
0x00007ff8210e8000 	/usr/lib/libAudioStatistics.dylib
0x00007ff913a6b000 	/System/Library/PrivateFrameworks/SystemPolicy.framework/Versions/A/SystemPolicy
0x00007ff821381000 	/usr/lib/libSMC.dylib
0x00007ff82a428000 	/System/Library/Frameworks/CoreMIDI.framework/Versions/A/CoreMIDI
0x00007ff81fe0d000 	/usr/lib/libAudioToolboxUtility.dylib
0x00007ff82f8ef000 	/System/Library/PrivateFrameworks/OSAServicesClient.framework/Versions/A/OSAServicesClient
0x00007ff821823000 	/usr/lib/libperfcheck.dylib
0x00007ff81edc4000 	/System/Library/PrivateFrameworks/PlugInKit.framework/Versions/A/PlugInKit
0x00007ff81d705000 	/System/Library/PrivateFrameworks/AssertionServices.framework/Versions/A/AssertionServices
0x00007ffa26a13000 	/System/Library/Frameworks/OpenGL.framework/Versions/A/Libraries/libGLU.dylib
0x00007ffa269d7000 	/System/Library/Frameworks/OpenGL.framework/Versions/A/Libraries/libGFXShared.dylib
0x00007ffa26be0000 	/System/Library/Frameworks/OpenGL.framework/Versions/A/Libraries/libGL.dylib
0x00007ffa269e0000 	/System/Library/Frameworks/OpenGL.framework/Versions/A/Libraries/libGLImage.dylib
0x00007ffa269d4000 	/System/Library/Frameworks/OpenGL.framework/Versions/A/Libraries/libCVMSPluginSupport.dylib
0x00007ffb2deae000 	/usr/lib/libRosetta.dylib
0x00007ffa269bf000 	/System/Library/Frameworks/OpenGL.framework/Versions/A/Libraries/libCoreVMClient.dylib
0x00007ff81c9e8000 	/System/Library/Frameworks/MetalPerformanceShaders.framework/Versions/A/Frameworks/MPSCore.framework/Versions/A/MPSCore
0x00007ff81ddf2000 	/System/Library/Frameworks/MetalPerformanceShaders.framework/Versions/A/Frameworks/MPSImage.framework/Versions/A/MPSImage
0x00007ff81d875000 	/System/Library/Frameworks/MetalPerformanceShaders.framework/Versions/A/Frameworks/MPSNeuralNetwork.framework/Versions/A/MPSNeuralNetwork
0x00007ff81dce8000 	/System/Library/Frameworks/MetalPerformanceShaders.framework/Versions/A/Frameworks/MPSMatrix.framework/Versions/A/MPSMatrix
0x00007ff81daa3000 	/System/Library/Frameworks/MetalPerformanceShaders.framework/Versions/A/Frameworks/MPSRayIntersector.framework/Versions/A/MPSRayIntersector
0x00007ff81dd23000 	/System/Library/Frameworks/MetalPerformanceShaders.framework/Versions/A/Frameworks/MPSNDArray.framework/Versions/A/MPSNDArray
0x00007ffa2ccdd000 	/System/Library/Frameworks/MetalPerformanceShaders.framework/Versions/A/Frameworks/MPSFunctions.framework/Versions/A/MPSFunctions
0x00007ff812d8b000 	/System/Library/PrivateFrameworks/MetalTools.framework/Versions/A/MetalTools
0x00007ff81ca69000 	/System/Library/PrivateFrameworks/AggregateDictionary.framework/Versions/A/AggregateDictionary
0x00007ff81ec7e000 	/usr/lib/libIOReport.dylib
0x00007ffa27fc3000 	/System/Library/Frameworks/OpenCL.framework/Versions/A/OpenCL
0x00007ff81f026000 	/System/Library/PrivateFrameworks/GraphVisualizer.framework/Versions/A/GraphVisualizer
0x00007ffb1664b000 	/System/Library/PrivateFrameworks/FontServices.framework/Versions/A/FontServices
0x00007ff81f44f000 	/System/Library/PrivateFrameworks/OTSVG.framework/Versions/A/OTSVG
0x00007ff81a49d000 	/System/Library/Frameworks/ApplicationServices.framework/Versions/A/Frameworks/ATS.framework/Versions/A/Resources/libFontRegistry.dylib
0x00007ff81f49e000 	/System/Library/PrivateFrameworks/FontServices.framework/libhvf.dylib
0x00007ffb1664c000 	/System/Library/PrivateFrameworks/FontServices.framework/libXTFontStaticRegistryData.dylib
0x00007ffb274cd000 	/System/Library/PrivateFrameworks/VideoToolboxParavirtualizationSupport.framework/Versions/A/VideoToolboxParavirtualizationSupport
0x00007ff81ee90000 	/System/Library/PrivateFrameworks/AppleVA.framework/Versions/A/AppleVA
0x00007ff821124000 	/System/Library/Frameworks/ApplicationServices.framework/Versions/A/Frameworks/ATS.framework/Versions/A/ATS
0x00007ff817eda000 	/System/Library/Frameworks/ApplicationServices.framework/Versions/A/Frameworks/HIServices.framework/Versions/A/HIServices
0x00007ff81ff6f000 	/System/Library/Frameworks/ApplicationServices.framework/Versions/A/Frameworks/PrintCore.framework/Versions/A/PrintCore
0x00007ff8214d6000 	/System/Library/Frameworks/ApplicationServices.framework/Versions/A/Frameworks/QD.framework/Versions/A/QD
0x00007ff8214ce000 	/System/Library/Frameworks/ApplicationServices.framework/Versions/A/Frameworks/ColorSyncLegacy.framework/Versions/A/ColorSyncLegacy
0x00007ff8210fc000 	/System/Library/Frameworks/ApplicationServices.framework/Versions/A/Frameworks/SpeechSynthesis.framework/Versions/A/SpeechSynthesis
0x00007ff81ff2d000 	/System/Library/Frameworks/ApplicationServices.framework/Versions/A/Frameworks/ATSUI.framework/Versions/A/ATSUI
0x00007ff821461000 	/usr/lib/libcups.2.dylib
0x00007ff821832000 	/System/Library/Frameworks/Kerberos.framework/Versions/A/Kerberos
0x00007ff821841000 	/System/Library/Frameworks/GSS.framework/Versions/A/GSS
0x00007ff821192000 	/usr/lib/libresolv.9.dylib
0x00007ff81f4af000 	/System/Library/PrivateFrameworks/Heimdal.framework/Versions/A/Heimdal
0x00007ff82855d000 	/System/Library/Frameworks/Kerberos.framework/Versions/A/Libraries/libHeimdalProxy.dylib
0x00007ff82188c000 	/System/Library/PrivateFrameworks/CommonAuth.framework/Versions/A/CommonAuth
0x00007ffa2ac6c000 	/System/Library/Frameworks/AVFAudio.framework/Versions/A/AVFAudio
0x00007ff82f938000 	/System/Library/PrivateFrameworks/AXCoreUtilities.framework/Versions/A/AXCoreUtilities
0x00007ff821078000 	/System/Library/PrivateFrameworks/AudioSession.framework/Versions/A/AudioSession
0x00007ff822659000 	/System/Library/Frameworks/IOBluetooth.framework/Versions/A/IOBluetooth
0x00007ff81ef96000 	/System/Library/PrivateFrameworks/MediaExperience.framework/Versions/A/MediaExperience
0x00007ff820f20000 	/System/Library/PrivateFrameworks/AudioSession.framework/libSessionUtility.dylib
0x00007ff8214e2000 	/System/Library/PrivateFrameworks/AudioResourceArbitration.framework/Versions/A/AudioResourceArbitration
0x00007ff8255a8000 	/System/Library/PrivateFrameworks/PowerLog.framework/Versions/A/PowerLog
0x00007ff8254ea000 	/System/Library/Frameworks/CoreBluetooth.framework/Versions/A/CoreBluetooth
0x00007ff82855e000 	/System/Library/Frameworks/AudioUnit.framework/Versions/A/AudioUnit
0x00007ff81d570000 	/System/Library/PrivateFrameworks/CoreUtils.framework/Versions/A/CoreUtils
0x00007ffb15220000 	/System/Library/PrivateFrameworks/CoreUtilsExtras.framework/Versions/A/CoreUtilsExtras
0x00007ffb19ec8000 	/System/Library/PrivateFrameworks/IO80211.framework/Versions/A/IO80211
0x00007ff81ef04000 	/System/Library/PrivateFrameworks/IconFoundation.framework/Versions/A/IconFoundation
0x00007ff8245bf000 	/System/Library/PrivateFrameworks/SpeechRecognitionCore.framework/Versions/A/SpeechRecognitionCore
0x0000000106c09000 	/Users/massimo.sposato/Library/Java/JavaVirtualMachines/temurin-11.0.16/Contents/Home/lib/server/libjvm.dylib
0x0000000105e03000 	/Users/massimo.sposato/Library/Java/JavaVirtualMachines/temurin-11.0.16/Contents/Home/lib/libverify.dylib
0x0000000105e9b000 	/Users/massimo.sposato/Library/Java/JavaVirtualMachines/temurin-11.0.16/Contents/Home/lib/libjava.dylib
0x0000000105e14000 	/Users/massimo.sposato/Library/Java/JavaVirtualMachines/temurin-11.0.16/Contents/Home/lib/libjimage.dylib
0x0000000105e6f000 	/Users/massimo.sposato/Library/Java/JavaVirtualMachines/temurin-11.0.16/Contents/Home/lib/libzip.dylib
0x00000001069f9000 	/Users/massimo.sposato/Library/Java/JavaVirtualMachines/temurin-11.0.16/Contents/Home/lib/libnio.dylib
0x0000000106a25000 	/Users/massimo.sposato/Library/Java/JavaVirtualMachines/temurin-11.0.16/Contents/Home/lib/libnet.dylib


VM Arguments:
jvm_args: -Dfile.encoding=UTF-8 
java_command: org.apache.camel.spring.boot.CamelSpringBootApplicationController$1
java_class_path (initial): /Users/massimo.sposato/Documents/STS-WS/demoRestCamelIntegration/target/classes:/Users/massimo.sposato/.m2/repository/org/springframework/boot/spring-boot-starter-web/2.1.4.RELEASE/spring-boot-starter-web-2.1.4.RELEASE.jar:/Users/massimo.sposato/.m2/repository/org/springframework/boot/spring-boot-starter/2.1.4.RELEASE/spring-boot-starter-2.1.4.RELEASE.jar:/Users/massimo.sposato/.m2/repository/org/springframework/boot/spring-boot-starter-logging/2.1.4.RELEASE/spring-boot-starter-logging-2.1.4.RELEASE.jar:/Users/massimo.sposato/.m2/repository/ch/qos/logback/logback-classic/1.2.3/logback-classic-1.2.3.jar:/Users/massimo.sposato/.m2/repository/ch/qos/logback/logback-core/1.2.3/logback-core-1.2.3.jar:/Users/massimo.sposato/.m2/repository/org/apache/logging/log4j/log4j-to-slf4j/2.11.2/log4j-to-slf4j-2.11.2.jar:/Users/massimo.sposato/.m2/repository/org/apache/logging/log4j/log4j-api/2.11.2/log4j-api-2.11.2.jar:/Users/massimo.sposato/.m2/repository/org/slf4j/jul-to-slf4j/1.7.26/jul-to-slf4j-1.7.26.jar:/Users/massimo.sposato/.m2/repository/javax/annotation/javax.annotation-api/1.3.2/javax.annotation-api-1.3.2.jar:/Users/massimo.sposato/.m2/repository/org/yaml/snakeyaml/1.23/snakeyaml-1.23.jar:/Users/massimo.sposato/.m2/repository/org/springframework/boot/spring-boot-starter-json/2.1.4.RELEASE/spring-boot-starter-json-2.1.4.RELEASE.jar:/Users/massimo.sposato/.m2/repository/com/fasterxml/jackson/datatype/jackson-datatype-jdk8/2.9.8/jackson-datatype-jdk8-2.9.8.jar:/Users/massimo.sposato/.m2/repository/com/fasterxml/jackson/datatype/jackson-datatype-jsr310/2.9.8/jackson-datatype-jsr310-2.9.8.jar:/Users/massimo.sposato/.m2/repository/com/fasterxml/jackson/module/jackson-module-parameter-names/2.9.8/jackson-module-parameter-names-2.9.8.jar:/Users/massimo.sposato/.m2/repository/org/springframework/boot/spring-boot-starter-tomcat/2.1.4.RELEASE/spring-boot-starter-tomcat-2.1.4.RELEASE.jar:/Users/massimo.sposato/.m2/repository/org/apache/tomcat/embed/tomca
Launcher Type: SUN_STANDARD

[Global flags]
     intx CICompilerCount                          = 4                                         {product} {ergonomic}
     uint ConcGCThreads                            = 3                                         {product} {ergonomic}
     uint G1ConcRefinementThreads                  = 10                                        {product} {ergonomic}
   size_t G1HeapRegionSize                         = 1048576                                   {product} {ergonomic}
    uintx GCDrainStackTargetSize                   = 64                                        {product} {ergonomic}
   size_t InitialHeapSize                          = 268435456                                 {product} {ergonomic}
   size_t MarkStackSize                            = 4194304                                   {product} {ergonomic}
   size_t MaxHeapSize                              = 4294967296                                {product} {ergonomic}
   size_t MaxNewSize                               = 2576351232                                {product} {ergonomic}
   size_t MinHeapDeltaBytes                        = 1048576                                   {product} {ergonomic}
    uintx NonNMethodCodeHeapSize                   = 5836300                                {pd product} {ergonomic}
    uintx NonProfiledCodeHeapSize                  = 122910970                              {pd product} {ergonomic}
    uintx ProfiledCodeHeapSize                     = 122910970                              {pd product} {ergonomic}
    uintx ReservedCodeCacheSize                    = 251658240                              {pd product} {ergonomic}
     bool SegmentedCodeCache                       = true                                      {product} {ergonomic}
     bool UseCompressedClassPointers               = true                                 {lp64_product} {ergonomic}
     bool UseCompressedOops                        = true                                 {lp64_product} {ergonomic}
     bool UseG1GC                                  = true                                      {product} {ergonomic}

Logging:
Log output configuration:
 #0: stdout all=warning uptime,level,tags
 #1: stderr all=off uptime,level,tags

Environment Variables:
PATH=/usr/bin:/bin:/usr/sbin:/sbin
SHELL=/bin/zsh

Signal Handlers:
SIGSEGV: [libjvm.dylib+0x7c765c], sa_mask[0]=11111111011111110111111111111111, sa_flags=SA_ONSTACK|SA_RESTART|SA_SIGINFO
SIGBUS: [libjvm.dylib+0x7c765c], sa_mask[0]=11111111011111110111111111111111, sa_flags=SA_RESTART|SA_SIGINFO
SIGFPE: [libjvm.dylib+0x7c765c], sa_mask[0]=11111111011111110111111111111111, sa_flags=SA_RESTART|SA_SIGINFO
SIGPIPE: [libjvm.dylib+0x62be12], sa_mask[0]=11111111011111110111111111111111, sa_flags=SA_RESTART|SA_SIGINFO
SIGXFSZ: [libjvm.dylib+0x62be12], sa_mask[0]=11111111011111110111111111111111, sa_flags=SA_RESTART|SA_SIGINFO
SIGILL: [libjvm.dylib+0x7c765c], sa_mask[0]=11111111011111110111111111111111, sa_flags=SA_RESTART|SA_SIGINFO
SIGUSR2: [libjvm.dylib+0x62c3f9], sa_mask[0]=00100000000000000000000000000000, sa_flags=SA_RESTART|SA_SIGINFO
SIGHUP: [libjvm.dylib+0x62af55], sa_mask[0]=11111111011111110111111111111111, sa_flags=SA_RESTART|SA_SIGINFO
SIGINT: [libjvm.dylib+0x62af55], sa_mask[0]=11111111011111110111111111111111, sa_flags=SA_RESTART|SA_SIGINFO
SIGTERM: [libjvm.dylib+0x62af55], sa_mask[0]=11111111011111110111111111111111, sa_flags=SA_RESTART|SA_SIGINFO
SIGQUIT: [libjvm.dylib+0x62af55], sa_mask[0]=11111111011111110111111111111111, sa_flags=SA_RESTART|SA_SIGINFO


---------------  S Y S T E M  ---------------

OS:uname:Darwin 22.1.0 Darwin Kernel Version 22.1.0: Sun Oct  9 20:14:54 PDT 2022; root:xnu-8792.41.9~2/RELEASE_X86_64 x86_64
OS uptime: 23 days 11:35 hours
rlimit (soft/hard): STACK 8192k/65532k , CORE 0k/infinity , NPROC 2784/4176 , NOFILE 10240/infinity , AS infinity/infinity , CPU infinity/infinity , DATA infinity/infinity , FSIZE infinity/infinity , MEMLOCK infinity/infinity , RSS infinity/infinity
load average:4.45 4.24 4.05

CPU:total 12 (initial active 12) (6 cores per cpu, 2 threads per core) family 6 model 158 stepping 10 microcode 0xf0, cmov, cx8, fxsr, mmx, sse, sse2, sse3, ssse3, sse4.1, sse4.2, popcnt, avx, avx2, aes, clmul, erms, 3dnowpref, lzcnt, ht, tsc, tscinvbit, bmi1, bmi2, adx, fma

Memory: 4k page, physical 16777216k(41676k free), swap 5242880k(1275904k free)

vm_info: OpenJDK 64-Bit Server VM (11.0.16+8) for bsd-amd64 JRE (11.0.16+8), built on Jul 19 2022 21:43:28 by "jenkins" with clang 4.2.1 Compatible Apple LLVM 10.0.1 (clang-1001.0.46.4)

END.
